[01Apr2025 00:00:00.001] [ftbbackups2_Worker-1/INFO] [net.creeperhost.ftbbackups.FTBBackups/]: Attempting to create an automatic backup
[01Apr2025 00:00:00.002] [ftbbackups2_Worker-1/INFO] [net.creeperhost.ftbbackups.FTBBackups/]: Found world folder at /workspaces/turbo-octo-rotary-phone/servidor_minecraft/./world/.
[01Apr2025 00:00:00.027] [ftbbackups2_Worker-1/INFO] [net.creeperhost.ftbbackups.FTBBackups/]: Last backup size: 3.4MB Current world size: 13.5MB Current Available space: 19.1GB ExpectedSize 3.6MB
[01Apr2025 00:00:00.028] [ftbbackups2_Worker-1/INFO] [net.creeperhost.ftbbackups.FTBBackups/]: Setting world minecraft:overworld save state to true
[01Apr2025 00:00:00.028] [ftbbackups2_Worker-1/INFO] [net.creeperhost.ftbbackups.FTBBackups/]: Setting world minecraft:the_end save state to true
[01Apr2025 00:00:00.028] [ftbbackups2_Worker-1/INFO] [net.creeperhost.ftbbackups.FTBBackups/]: Setting world ae2:spatial_storage save state to true
[01Apr2025 00:00:00.028] [ftbbackups2_Worker-1/INFO] [net.creeperhost.ftbbackups.FTBBackups/]: Setting world bloodmagic:dungeon save state to true
[01Apr2025 00:00:00.028] [ftbbackups2_Worker-1/INFO] [net.creeperhost.ftbbackups.FTBBackups/]: Setting world minecraft:the_nether save state to true
[01Apr2025 00:00:00.028] [ftbbackups2_Worker-1/INFO] [net.creeperhost.ftbbackups.FTBBackups/]: Setting world compactmachines:compact_world save state to true
[01Apr2025 00:00:00.028] [ftbbackups2_Worker-1/INFO] [net.creeperhost.ftbbackups.FTBBackups/]: Setting world ftbsbc:team/meltons-abridger-smeared save state to true
[01Apr2025 00:00:00.029] [ftbbackups2_Worker-1/INFO] [net.creeperhost.ftbbackups.FTBBackups/]: Writing to file /workspaces/turbo-octo-rotary-phone/servidor_minecraft/backups/backups.json
[01Apr2025 00:00:00.030] [FTB Backups backup thread 0/INFO] [net.creeperhost.ftbbackups.FTBBackups/]: Waiting for world save to complete.
[01Apr2025 00:00:00.245] [FTB Backups backup thread 0/INFO] [net.creeperhost.levelio.loader.SaveInfo/]: Detected MC Version 1.18.2, Data version 2975
[01Apr2025 00:00:00.245] [FTB Backups backup thread 0/INFO] [net.creeperhost.levelio.loader.SaveInfo/]: Save Name: world
[01Apr2025 00:00:00.250] [FTB Backups backup thread 0/WARN] [net.creeperhost.levelio.loader.LevelLoader/]: Found possible mod dimension with no region folder ae2:spatial_storage
[01Apr2025 00:00:00.250] [FTB Backups backup thread 0/WARN] [net.creeperhost.levelio.loader.LevelLoader/]: Found possible mod dimension with no region folder bloodmagic:dungeon
[01Apr2025 00:00:00.250] [FTB Backups backup thread 0/WARN] [net.creeperhost.levelio.loader.LevelLoader/]: Found possible mod dimension with no region folder compactmachines:compact_world
[01Apr2025 00:00:00.250] [FTB Backups backup thread 0/WARN] [net.creeperhost.levelio.loader.LevelLoader/]: Found possible mod dimension with no region folder ftbsbc:team
[01Apr2025 00:00:00.250] [FTB Backups backup thread 0/WARN] [net.creeperhost.levelio.data.Level/]: Did not find a region folder for level: /workspaces/turbo-octo-rotary-phone/servidor_minecraft/./world/./DIM-1
[01Apr2025 00:00:00.250] [FTB Backups backup thread 0/WARN] [net.creeperhost.levelio.data.Level/]: Did not find a region folder for level: /workspaces/turbo-octo-rotary-phone/servidor_minecraft/./world/./DIM1
[01Apr2025 00:00:01.215] [FTB Backups backup thread 0/INFO] [net.creeperhost.ftbbackups.FTBBackups/]: Backup preview created, Scan took 91ms, Capture took 953ms
[01Apr2025 00:00:01.573] [FTB Backups backup thread 0/INFO] [net.creeperhost.ftbbackups.FTBBackups/]: Setting world minecraft:overworld save state to false
[01Apr2025 00:00:01.573] [FTB Backups backup thread 0/INFO] [net.creeperhost.ftbbackups.FTBBackups/]: Setting world minecraft:the_end save state to false
[01Apr2025 00:00:01.573] [FTB Backups backup thread 0/INFO] [net.creeperhost.ftbbackups.FTBBackups/]: Setting world ae2:spatial_storage save state to false
[01Apr2025 00:00:01.574] [FTB Backups backup thread 0/INFO] [net.creeperhost.ftbbackups.FTBBackups/]: Setting world bloodmagic:dungeon save state to false
[01Apr2025 00:00:01.574] [FTB Backups backup thread 0/INFO] [net.creeperhost.ftbbackups.FTBBackups/]: Setting world minecraft:the_nether save state to false
[01Apr2025 00:00:01.574] [FTB Backups backup thread 0/INFO] [net.creeperhost.ftbbackups.FTBBackups/]: Setting world compactmachines:compact_world save state to false
[01Apr2025 00:00:01.574] [FTB Backups backup thread 0/INFO] [net.creeperhost.ftbbackups.FTBBackups/]: Setting world ftbsbc:team/meltons-abridger-smeared save state to false
[01Apr2025 00:00:01.583] [FTB Backups backup thread 0/INFO] [net.creeperhost.ftbbackups.FTBBackups/]: Backup size 3.5MB World Size 13.5MB
[01Apr2025 00:00:01.583] [FTB Backups backup thread 0/INFO] [net.creeperhost.ftbbackups.FTBBackups/]: Writing to file /workspaces/turbo-octo-rotary-phone/servidor_minecraft/backups/backups.json
[01Apr2025 00:00:01.584] [FTB Backups backup thread 0/INFO] [net.creeperhost.ftbbackups.FTBBackups/]: New backup created at /workspaces/turbo-octo-rotary-phone/servidor_minecraft/backups/2025-4-1_0-0-0.zip size: 3.5MB Took: 0m, 1s, 546ms Sha1: ba76f383220953fd4da948e1804d2fe5c530101b
[01Apr2025 00:03:57.389] [Server thread/INFO] [net.minecraft.server.dedicated.DedicatedServer/]: [RealZSs: Saved the game]
[01Apr2025 00:04:01.199] [Server thread/INFO] [net.minecraft.server.dedicated.DedicatedServer/]: [RealZSs: Stopping the server]
[01Apr2025 00:04:01.224] [Server thread/INFO] [net.creeperhost.ftbbackups.FTBBackups/]: Shutdown Complete
[01Apr2025 00:04:01.244] [Server thread/INFO] [net.minecraft.server.MinecraftServer/]: Stopping server
[01Apr2025 00:04:01.245] [Server thread/INFO] [net.minecraft.server.MinecraftServer/]: Saving players
[01Apr2025 00:04:01.255] [Server thread/INFO] [net.minecraft.server.MinecraftServer/]: Saving worlds
[01Apr2025 00:04:02.643] [Server thread/INFO] [net.minecraft.server.MinecraftServer/]: Saving chunks for level 'ServerLevel[world]'/minecraft:overworld
[01Apr2025 00:04:04.585] [Server thread/INFO] [net.minecraft.server.MinecraftServer/]: Saving chunks for level 'ServerLevel[world]'/minecraft:the_end
[01Apr2025 00:04:04.587] [Server thread/INFO] [net.minecraft.server.MinecraftServer/]: Saving chunks for level 'ServerLevel[world]'/ae2:spatial_storage
[01Apr2025 00:04:04.587] [Server thread/INFO] [net.minecraft.server.MinecraftServer/]: Saving chunks for level 'ServerLevel[world]'/bloodmagic:dungeon
[01Apr2025 00:04:04.588] [Server thread/INFO] [net.minecraft.server.MinecraftServer/]: Saving chunks for level 'ServerLevel[world]'/minecraft:the_nether
[01Apr2025 00:04:04.589] [Server thread/INFO] [net.minecraft.server.MinecraftServer/]: Saving chunks for level 'ServerLevel[world]'/compactmachines:compact_world
[01Apr2025 00:04:04.590] [Server thread/INFO] [net.minecraft.server.MinecraftServer/]: Saving chunks for level 'ServerLevel[world]'/ftbsbc:team/meltons-abridger-smeared
[01Apr2025 00:04:04.695] [Server thread/INFO] [net.minecraft.server.MinecraftServer/]: ThreadedAnvilChunkStorage (world): All chunks are saved
[01Apr2025 00:04:04.695] [Server thread/INFO] [net.minecraft.server.MinecraftServer/]: ThreadedAnvilChunkStorage (DIM1): All chunks are saved
[01Apr2025 00:04:04.695] [Server thread/INFO] [net.minecraft.server.MinecraftServer/]: ThreadedAnvilChunkStorage (spatial_storage): All chunks are saved
[01Apr2025 00:04:04.695] [Server thread/INFO] [net.minecraft.server.MinecraftServer/]: ThreadedAnvilChunkStorage (dungeon): All chunks are saved
[01Apr2025 00:04:04.695] [Server thread/INFO] [net.minecraft.server.MinecraftServer/]: ThreadedAnvilChunkStorage (DIM-1): All chunks are saved
[01Apr2025 00:04:04.695] [Server thread/INFO] [net.minecraft.server.MinecraftServer/]: ThreadedAnvilChunkStorage (compact_world): All chunks are saved
[01Apr2025 00:04:04.695] [Server thread/INFO] [net.minecraft.server.MinecraftServer/]: ThreadedAnvilChunkStorage (meltons-abridger-smeared): All chunks are saved
[01Apr2025 00:04:04.695] [Server thread/INFO] [net.minecraft.server.MinecraftServer/]: ThreadedAnvilChunkStorage: All dimensions are saved
[01Apr2025 00:04:04.738] [Server thread/INFO] [FTB Chunks/]: Shutting down map thread
[01Apr2025 00:04:04.742] [Server thread/INFO] [configured/]: Unloading server configs...
[01Apr2025 00:04:04.743] [Server thread/INFO] [configured/]: Sending config unload event for configured.developer.toml
