[18:07:16] [modloading-worker-0/INFO] ========================================
[18:07:16] [modloading-worker-0/INFO] Minecraft: 1.18.2
[18:07:16] [modloading-worker-0/INFO] Side: server
[18:07:16] [modloading-worker-0/INFO] Development: false
[18:07:16] [modloading-worker-0/INFO] Version: 8.4.778
[18:07:16] [modloading-worker-0/INFO] Loader:
[18:07:16] [modloading-worker-0/INFO] - Forge: 40.2.14
[18:07:16] [modloading-worker-0/INFO] Dependencies:
[18:07:16] [modloading-worker-0/INFO] - Cloth Config: 6.5.116
[18:07:16] [modloading-worker-0/INFO] - Architectury: 4.12.94
[18:07:16] [modloading-worker-0/INFO] Mixin: 0.8.5
[18:07:16] [modloading-worker-0/INFO] OS: Linux 6.8.0-1021-azure (amd64)
[18:07:16] [modloading-worker-0/INFO] Java: 17.0.14 (Ubuntu)
[18:07:16] [modloading-worker-0/INFO] ========================================
[18:07:16] [modloading-worker-0/INFO] Mods:
[18:07:16] [modloading-worker-0/INFO] - accelerateddecay: 0.1.3+mc1.18.2
[18:07:16] [modloading-worker-0/INFO] - advancedperipherals: 0.7.31r
[18:07:16] [modloading-worker-0/INFO] - ae2: 11.7.6
[18:07:16] [modloading-worker-0/INFO] - ae2things: 1.0.7
[18:07:16] [modloading-worker-0/INFO] - ae2wtlib: 11.6.3
[18:07:16] [modloading-worker-0/INFO] - appbot: 1.0.3
[18:07:16] [modloading-worker-0/INFO] - appleskin: 2.5.1+mc1.18.2
[18:07:16] [modloading-worker-0/INFO] - appmek: 1.2.2
[18:07:16] [modloading-worker-0/INFO] - architectury: 4.12.94
[18:07:16] [modloading-worker-0/INFO] - ars_creo: 2.2.0
[18:07:16] [modloading-worker-0/INFO] - ars_nouveau: 2.9.0
[18:07:16] [modloading-worker-0/INFO] - autoreglib: 1.7-53
[18:07:16] [modloading-worker-0/INFO] - autosmithingtable: 1.2.4
[18:07:16] [modloading-worker-0/INFO] - avaritia: 4.0.1.1
[18:07:16] [modloading-worker-0/INFO] - balm: 3.2.6
[18:07:16] [modloading-worker-0/INFO] - bambooeverything: 1.3.8-build.45+mc1.18.2
[18:07:16] [modloading-worker-0/INFO] - bcc: 1.1.21-build.48+mc1.18.2
[18:07:16] [modloading-worker-0/INFO] - betterthanbunnies: 1.3.0
[18:07:16] [modloading-worker-0/INFO] - bloodmagic: 1.18.2-3.2.6-41
[18:07:16] [modloading-worker-0/INFO] - bookshelf: 13.3.56
[18:07:16] [modloading-worker-0/INFO] - botania: 1.18.2-435
[18:07:16] [modloading-worker-0/INFO] - botanypots: 8.1.29
[18:07:16] [modloading-worker-0/INFO] - botanytrees: 4.0.13
[18:07:16] [modloading-worker-0/INFO] - buddingcrystals: 1.1.3
[18:07:16] [modloading-worker-0/INFO] - buildinggadgets: 3.13.2-build.21+mc1.18.2
[18:07:16] [modloading-worker-0/INFO] - cccbridge: 1.5.1-forge
[18:07:16] [modloading-worker-0/INFO] - champions: 1.18.2-2.1.6.3
[18:07:16] [modloading-worker-0/INFO] - chancecubes: 1.18.2-5.0.2.483
[18:07:16] [modloading-worker-0/INFO] - charginggadgets: 1.7.0
[18:07:16] [modloading-worker-0/INFO] - chickens: 1.0.31
[18:07:16] [modloading-worker-0/INFO] - chipped: 2.0.1
[18:07:16] [modloading-worker-0/INFO] - chiselsandbits: 1.2.116
[18:07:16] [modloading-worker-0/INFO] - climbladdersfast: 2.2.3-1.18
[18:07:16] [modloading-worker-0/INFO] - cloth_config: 6.5.116
[18:07:16] [modloading-worker-0/INFO] - cobblefordays: 1.5.1
[18:07:16] [modloading-worker-0/INFO] - codechickenlib: 4.1.4.488
[18:07:16] [modloading-worker-0/INFO] - cofh_core: 9.2.3
[18:07:16] [modloading-worker-0/INFO] - collective: 7.7
[18:07:16] [modloading-worker-0/INFO] - compactcrafting: 2.0.0
[18:07:16] [modloading-worker-0/INFO] - compactmachines: 4.5.0
[18:07:16] [modloading-worker-0/INFO] - computercraft: 1.101.3
[18:07:16] [modloading-worker-0/INFO] - configured: 2.0.1
[18:07:16] [modloading-worker-0/INFO] - connectedglass: 1.1.11
[18:07:16] [modloading-worker-0/INFO] - constructionwand: 1.18.2-2.9
[18:07:16] [modloading-worker-0/INFO] - controlling: 9.0+23
[18:07:16] [modloading-worker-0/INFO] - cosmeticarmorreworked: 1.18.2-v2a
[18:07:16] [modloading-worker-0/INFO] - craftingtweaks: 14.0.9
[18:07:16] [modloading-worker-0/INFO] - crashutilities: 4.1
[18:07:16] [modloading-worker-0/INFO] - create: 0.5.1.f
[18:07:16] [modloading-worker-0/INFO] - createaddition: 1.18.2-1.0.0
[18:07:16] [modloading-worker-0/INFO] - createchunkloading: 1.4.0
[18:07:16] [modloading-worker-0/INFO] - ctm: 1.18.2-1.1.5+5
[18:07:16] [modloading-worker-0/INFO] - curios: 1.18.2-5.0.9.2
[18:07:16] [modloading-worker-0/INFO] - darkerdepths: 1.18.2-1.0.6-patch4
[18:07:16] [modloading-worker-0/INFO] - darkmodeeverywhere: 1.18.2-1.1.3
[18:07:16] [modloading-worker-0/INFO] - darkutils: 10.1.7
[18:07:16] [modloading-worker-0/INFO] - ding: 1.4.1
[18:07:16] [modloading-worker-0/INFO] - dsp: 74.1.2
[18:07:16] [modloading-worker-0/INFO] - durabilitytooltip: 1.1.5
[18:07:16] [modloading-worker-0/INFO] - dynamic_asset_generator: 0.6.3
[18:07:16] [modloading-worker-0/INFO] - eccentrictome: 1.18.2-1.10.2
[18:07:16] [modloading-worker-0/INFO] - elevatorid: 1.18.2-1.8.4
[18:07:16] [modloading-worker-0/INFO] - emojiful: 1.18.2-3.0.1
[18:07:16] [modloading-worker-0/INFO] - enderstorage: 2.9.0.182
[18:07:16] [modloading-worker-0/INFO] - engineersdecor: 1.1.28
[18:07:16] [modloading-worker-0/INFO] - entangled: 1.3.18
[18:07:16] [modloading-worker-0/INFO] - entangledfix: 1.0
[18:07:16] [modloading-worker-0/INFO] - experienceobelisk: 1.4.10
[18:07:16] [modloading-worker-0/INFO] - extendedexchange: 1802.2.7
[18:07:16] [modloading-worker-0/INFO] - extremesoundmuffler: 3.31_forge-1.18.2
[18:07:16] [modloading-worker-0/INFO] - farmersdelight: 1.18.2-1.2.3
[18:07:16] [modloading-worker-0/INFO] - ferritecore: 4.2.2
[18:07:16] [modloading-worker-0/INFO] - findme: 3.0.6
[18:07:16] [modloading-worker-0/INFO] - fluxnetworks: 7.0.9.15
[18:07:16] [modloading-worker-0/INFO] - flywheel: 0.6.10-105
[18:07:16] [modloading-worker-0/INFO] - forge: 40.2.14
[18:07:16] [modloading-worker-0/INFO] - framedblocks: 5.11.5
[18:07:16] [modloading-worker-0/INFO] - ftbauxilium: 1802.1.7-build.31
[18:07:16] [modloading-worker-0/INFO] - ftbbackups2: 1.0.23
[18:07:16] [modloading-worker-0/INFO] - ftbchunks: 1802.3.19-build.362
[18:07:16] [modloading-worker-0/INFO] - ftbdripper: 1802.1.3-build.28
[18:07:16] [modloading-worker-0/INFO] - ftbessentials: 1802.2.2-build.83
[18:07:16] [modloading-worker-0/INFO] - ftblibrary: 1802.3.11-build.177
[18:07:16] [modloading-worker-0/INFO] - ftbquests: 1802.3.16-build.479
[18:07:16] [modloading-worker-0/INFO] - ftbranks: 1802.1.11-build.71
[18:07:16] [modloading-worker-0/INFO] - ftbsbc: 1.0.0+mc1.18.2
[18:07:16] [modloading-worker-0/INFO] - ftbteams: 1802.2.11-build.107
[18:07:16] [modloading-worker-0/INFO] - ftbultimine: 1802.3.4-build.93
[18:07:16] [modloading-worker-0/INFO] - functionalstorage: 1.18.2-1.1.4
[18:07:16] [modloading-worker-0/INFO] - furnacerecycle: 2.1
[18:07:16] [modloading-worker-0/INFO] - fusion: 1.1.1
[18:07:16] [modloading-worker-0/INFO] - gag: 1.2.1-build.16
[18:07:16] [modloading-worker-0/INFO] - geckolib3: 3.0.57
[18:07:16] [modloading-worker-0/INFO] - gravestone: 1.18.2-1.0.2
[18:07:16] [modloading-worker-0/INFO] - harvest: 1.1
[18:07:16] [modloading-worker-0/INFO] - immersiveengineering: 1.18.2-8.4.0-161
[18:07:16] [modloading-worker-0/INFO] - incontrol: 1.18-6.1.13
[18:07:16] [modloading-worker-0/INFO] - industrialforegoing: 3.3.1.7
[18:07:16] [modloading-worker-0/INFO] - instrumentalmobs: 1.3.6
[18:07:16] [modloading-worker-0/INFO] - inventoryessentials: 4.0.3
[18:07:16] [modloading-worker-0/INFO] - inventorysorter: 19.0.4
[18:07:16] [modloading-worker-0/INFO] - ironchest: 1.18.2-13.2.11
[18:07:16] [modloading-worker-0/INFO] - ironfurnaces: 3.3.3
[18:07:16] [modloading-worker-0/INFO] - itemcollectors: 1.1.10
[18:07:16] [modloading-worker-0/INFO] - itemfilters: 1802.2.8-build.50
[18:07:16] [modloading-worker-0/INFO] - jade: 5.3.2
[18:07:16] [modloading-worker-0/INFO] - jadeaddons: 2.5.0
[18:07:16] [modloading-worker-0/INFO] - jags: 1.3.3-build.16+mc1.18.2
[18:07:16] [modloading-worker-0/INFO] - jei: 9.9999
[18:07:16] [modloading-worker-0/INFO] - justhammers: 0.1.2+mc1.18.2
[18:07:16] [modloading-worker-0/INFO] - kubejs: 1802.5.5-build.569
[18:07:16] [modloading-worker-0/INFO] - kubejs_blood_magic: 1802.1.2-build.4
[18:07:16] [modloading-worker-0/INFO] - kubejs_create: 1802.2.4-build.16
[18:07:16] [modloading-worker-0/INFO] - kubejs_immersive_engineering: 1802.2.1-build.35
[18:07:16] [modloading-worker-0/INFO] - kubejs_mekanism: 1802.1.3-build.8
[18:07:16] [modloading-worker-0/INFO] - kubejs_thermal: 1802.1.6-build.7
[18:07:16] [modloading-worker-0/INFO] - kubejs_tinkers_construct: 1802.1.0-build.1
[18:07:16] [modloading-worker-0/INFO] - kubejs_ui: 1802.1.8-build.17
[18:07:16] [modloading-worker-0/INFO] - kubeutils: 0.1.4+mc1.18.2
[18:07:16] [modloading-worker-0/INFO] - laserio: 1.4.5
[18:07:16] [modloading-worker-0/INFO] - libx: 1.18.2-3.2.19
[18:07:16] [modloading-worker-0/INFO] - lightoverlay: 6.0.5
[18:07:16] [modloading-worker-0/INFO] - literalskyblock: 1802.1.4-build.7
[18:07:16] [modloading-worker-0/INFO] - luggage: 1.3.2
[18:07:16] [modloading-worker-0/INFO] - mantle: 1.9.50
[18:07:16] [modloading-worker-0/INFO] - mcjtylib: 1.18-6.0.20
[18:07:16] [modloading-worker-0/INFO] - mcwbridges: 3.0.0
[18:07:16] [modloading-worker-0/INFO] - mcwdoors: 1.1.1
[18:07:16] [modloading-worker-0/INFO] - mcwfences: 1.1.1
[18:07:16] [modloading-worker-0/INFO] - mcwfurnitures: 3.2.2
[18:07:16] [modloading-worker-0/INFO] - mcwlights: 1.0.6
[18:07:16] [modloading-worker-0/INFO] - mcwpaintings: 1.0.5
[18:07:16] [modloading-worker-0/INFO] - mcwpaths: 1.0.5
[18:07:16] [modloading-worker-0/INFO] - mcwroofs: 2.3.0
[18:07:16] [modloading-worker-0/INFO] - mcwtrpdoors: 1.1.3
[18:07:16] [modloading-worker-0/INFO] - mcwwindows: 2.2.1
[18:07:16] [modloading-worker-0/INFO] - measurements: 1.3.1
[18:07:16] [modloading-worker-0/INFO] - mekanism: 10.2.5
[18:07:16] [modloading-worker-0/INFO] - mekanismgenerators: 10.2.5
[18:07:16] [modloading-worker-0/INFO] - mekanismtools: 10.2.5
[18:07:16] [modloading-worker-0/INFO] - mekfix: 1.0.1-build.2+mc1.18.2
[18:07:16] [modloading-worker-0/INFO] - merequester: 1.18.2-1.1.2
[18:07:16] [modloading-worker-0/INFO] - metalbarrels: 1.18.2-4.3
[18:07:16] [modloading-worker-0/INFO] - minecraft: 1.18.2
[18:07:16] [modloading-worker-0/INFO] - minetogether: 6.3.2
[18:07:16] [modloading-worker-0/INFO] - minicoal: 1.18.1-1.0.0
[18:07:16] [modloading-worker-0/INFO] - mininggadgets: 1.11.1
[18:07:16] [modloading-worker-0/INFO] - mob_grinding_utils: 1.18.2-0.4.50
[18:07:16] [modloading-worker-0/INFO] - modnametooltip: 1.18.0
[18:07:16] [modloading-worker-0/INFO] - mother_silverfish: 1.0.1
[18:07:16] [modloading-worker-0/INFO] - mousetweaks: 2.21
[18:07:16] [modloading-worker-0/INFO] - mute: 1.0.2-build.7+mc1.18.2
[18:07:16] [modloading-worker-0/INFO] - nethersdelight: 2.2
[18:07:16] [modloading-worker-0/INFO] - partyparrots: 1.2.0
[18:07:16] [modloading-worker-0/INFO] - patchouli: 1.18.2-71.1
[18:07:16] [modloading-worker-0/INFO] - pigpen: 8.0.1
[18:07:16] [modloading-worker-0/INFO] - pipez: 1.18.2-1.1.5
[18:07:16] [modloading-worker-0/INFO] - placebo: 6.6.7
[18:07:16] [modloading-worker-0/INFO] - plonk: 10.0.4
[18:07:16] [modloading-worker-0/INFO] - pocketstorage: 1.18.2-1.0.1-build.18
[18:07:16] [modloading-worker-0/INFO] - polylib: 1801.0.3-build.109
[18:07:16] [modloading-worker-0/INFO] - ponderjs: 1.1.10
[18:07:16] [modloading-worker-0/INFO] - portablecraftingtable: 3.0.2
[18:07:16] [modloading-worker-0/INFO] - powah: 3.0.8
[18:07:16] [modloading-worker-0/INFO] - ppfluids: 1.18.2-1.1.0
[18:07:16] [modloading-worker-0/INFO] - prettypipes: 1.12.8
[18:07:16] [modloading-worker-0/INFO] - projecte: 1.0.2
[18:07:16] [modloading-worker-0/INFO] - reauth: 4.0.7
[18:07:16] [modloading-worker-0/INFO] - rechiseled: 1.1.6
[18:07:16] [modloading-worker-0/INFO] - refinedstorage: 1.10.6
[18:07:16] [modloading-worker-0/INFO] - refinedstorageaddons: 0.8.2
[18:07:16] [modloading-worker-0/INFO] - rei_plugin_compatibilities: 8.0.89
[18:07:16] [modloading-worker-0/INFO] - rftoolsbase: 1.18-3.0.12
[18:07:16] [modloading-worker-0/INFO] - rftoolsbuilder: 1.18-4.1.4
[18:07:16] [modloading-worker-0/INFO] - rftoolspower: 1.18-4.0.9
[18:07:16] [modloading-worker-0/INFO] - rftoolsstorage: 1.18-3.0.12
[18:07:16] [modloading-worker-0/INFO] - rftoolsutility: 1.18-4.0.24
[18:07:16] [modloading-worker-0/INFO] - rhino: 1802.2.1-build.255
[18:07:16] [modloading-worker-0/INFO] - roughlyenoughitems: 8.4.778
[18:07:16] [modloading-worker-0/INFO] - roughlyenoughprofessions: 1.0.3
[18:07:16] [modloading-worker-0/INFO] - rsinfinitybooster: 1.18.2-2.1+20
[18:07:16] [modloading-worker-0/INFO] - rsrequestify: 2.2.0
[18:07:16] [modloading-worker-0/INFO] - runelic: 11.0.1
[18:07:16] [modloading-worker-0/INFO] - scaffoldingpower: 1.18.2-1.3.0
[18:07:16] [modloading-worker-0/INFO] - sdrp: 3.0.4-build.28+mc1.18.2
[18:07:16] [modloading-worker-0/INFO] - selene: 1.18.2-1.17.14
[18:07:16] [modloading-worker-0/INFO] - serverconfigupdater: 2.2
[18:07:16] [modloading-worker-0/INFO] - shrink: 1.3.3
[18:07:16] [modloading-worker-0/INFO] - simplemagnets: 1.1.11
[18:07:16] [modloading-worker-0/INFO] - simplybackpacks: 1.18.2-2.1.2-build.40
[18:07:16] [modloading-worker-0/INFO] - simplylight: 1.18.2-1.4.5-build.43
[18:07:16] [modloading-worker-0/INFO] - snad: 1.18.2-1.22.04.15a
[18:07:16] [modloading-worker-0/INFO] - soulshards: 1.18.2-1.3.4
[18:07:16] [modloading-worker-0/INFO] - spark: 1.10.38
[18:07:16] [modloading-worker-0/INFO] - squatgrow: 2.0.2-build.38+mc1.18.2
[18:07:16] [modloading-worker-0/INFO] - stackrefill: 4.1
[18:07:16] [modloading-worker-0/INFO] - stonechest: 1.1.1
[18:07:16] [modloading-worker-0/INFO] - structurecompass: 1.4.1
[18:07:16] [modloading-worker-0/INFO] - structureexpansion: 1802.1.2-build.6
[18:07:16] [modloading-worker-0/INFO] - summoningrituals: 1.18.2-1.1.8
[18:07:16] [modloading-worker-0/INFO] - supercircuitmaker: 0.2.9
[18:07:16] [modloading-worker-0/INFO] - supermartijn642configlib: 1.1.8
[18:07:16] [modloading-worker-0/INFO] - supermartijn642corelib: 1.1.17
[18:07:16] [modloading-worker-0/INFO] - supplementaries: 1.18.2-1.5.18
[18:07:16] [modloading-worker-0/INFO] - tcintegrations: 1.18.2-2.0.18.2
[18:07:16] [modloading-worker-0/INFO] - tconstruct: 3.6.4.113
[18:07:16] [modloading-worker-0/INFO] - tempad: 1.4.1
[18:07:16] [modloading-worker-0/INFO] - tesseract: 1.0.35a
[18:07:16] [modloading-worker-0/INFO] - thermal: 9.2.2
[18:07:16] [modloading-worker-0/INFO] - thermal_expansion: 9.2.2
[18:07:16] [modloading-worker-0/INFO] - thermal_foundation: 9.2.2
[18:07:16] [modloading-worker-0/INFO] - thermal_integration: 9.2.1
[18:07:16] [modloading-worker-0/INFO] - tipsmod: 5.0.11
[18:07:16] [modloading-worker-0/INFO] - titanium: 3.5.11
[18:07:16] [modloading-worker-0/INFO] - tklib: 0.0.23
[18:07:16] [modloading-worker-0/INFO] - toastcontrol: 6.0.3
[18:07:16] [modloading-worker-0/INFO] - toolkit: 2.2.4-build.14+mc1.18.2
[18:07:16] [modloading-worker-0/INFO] - torchbowmod: 1.1
[18:07:16] [modloading-worker-0/INFO] - torchmaster: 18.2.1
[18:07:16] [modloading-worker-0/INFO] - trashcans: 1.0.18
[18:07:16] [modloading-worker-0/INFO] - trashslot: 11.0.3
[18:07:16] [modloading-worker-0/INFO] - travel_anchors: 1.18.2-3.3
[18:07:16] [modloading-worker-0/INFO] - waila: 5.3.2
[18:07:16] [modloading-worker-0/INFO] - woodenshears: 1.18.2-1.2.1.2
[18:07:16] [modloading-worker-0/INFO] - xnet: 1.18-4.0.9
[18:07:16] [modloading-worker-0/INFO] - xnetgases: 3.0.1
[18:07:16] [modloading-worker-0/INFO] - yeetusexperimentus: 1.0.2-build.7+mc1.18.2
[18:07:16] [modloading-worker-0/INFO] ========================================
[18:07:16] [modloading-worker-0/INFO] [REI] Registered plugin provider DefaultPluginImpl [roughlyenoughitems] for REIServerPlugin
[18:07:16] [modloading-worker-0/INFO] [REI] Registered plugin provider DefaultPluginImpl [roughlyenoughitems] for REIPlugin
[18:07:16] [modloading-worker-0/INFO] [REI] Registered plugin provider DefaultRuntimePlugin [roughlyenoughitems] for REIServerPlugin
[18:07:16] [modloading-worker-0/INFO] [REI] Registered plugin provider DefaultRuntimePlugin [roughlyenoughitems] for REIPlugin
[18:08:27] [Worker-Main-6/DEBUG] [REI] Processed 0 tags in 78.40 μs for minecraft:worldgen/biome
[18:08:27] [Worker-Main-7/DEBUG] [REI] Processed 0 tags in 17.88 μs for minecraft:worldgen/configured_structure_feature
[18:08:27] [Worker-Main-6/DEBUG] [REI] Processed 0 tags in 10.64 μs for minecraft:worldgen/structure_set
[18:08:27] [Worker-Main-7/DEBUG] [REI] Processed 2 tags in 1.279 ms for minecraft:game_event
[18:08:28] [Worker-Main-6/DEBUG] [REI] Processed 188 tags in 1.397 ms for minecraft:fluid
[18:08:28] [Worker-Main-7/DEBUG] [REI] Processed 19 tags in 36.95 μs for minecraft:enchantment
[18:08:28] [Worker-Main-6/DEBUG] [REI] Processed 66 tags in 1.659 ms for minecraft:entity_type
[18:08:29] [Worker-Main-5/DEBUG] [REI] Processed 1050 tags in 14.26 ms for minecraft:block
[18:08:29] [Worker-Main-6/DEBUG] [REI] Processed 8 tags in 338.6 μs for minecraft:block_entity_type
[18:08:29] [Worker-Main-7/DEBUG] [REI] Processed 1640 tags in 9.967 ms for minecraft:item
[18:08:30] [Worker-Main-5/DEBUG] [REI] Processed 1 tags in 13.55 μs for minecraft:recipe_serializer
[18:08:35] [Worker-Main-6/DEBUG] [REI] Processed 8 tags in 40.00 μs for mekanism:infuse_type
[18:08:35] [Worker-Main-7/DEBUG] [REI] Processed 5 tags in 22.11 μs for mekanism:gas
[18:08:35] [Worker-Main-6/DEBUG] [REI] Processed 2 tags in 25.32 μs for mekanism:slurry
[18:10:22] [Worker-Main-5/DEBUG] [REI] Starting Reload Plugins of stage null
java.lang.Throwable
	at TRANSFORMER/roughlyenoughitems@8.4.778/me.shedaniel.rei.impl.common.plugins.ReloadManagerImpl.reloadPlugins(ReloadManagerImpl.java:110)
	at TRANSFORMER/roughlyenoughitems@8.4.778/me.shedaniel.rei.RoughlyEnoughItemsCore.lambda$onInitialize$4(RoughlyEnoughItemsCore.java:159)
	at java.base/java.util.concurrent.CompletableFuture$UniRun.tryFire(CompletableFuture.java:787)
	at java.base/java.util.concurrent.CompletableFuture$Completion.run(CompletableFuture.java:482)
	at TRANSFORMER/minecraft@1.18.2/net.minecraft.server.packs.resources.SimpleReloadInstance.m_143940_(SimpleReloadInstance.java:69)
	at TRANSFORMER/minecraft@1.18.2/net.minecraft.server.packs.resources.SimpleReloadInstance.m_10834_(SimpleReloadInstance.java:68)
	at java.base/java.util.concurrent.CompletableFuture$UniCompletion.claim(CompletableFuture.java:572)
	at java.base/java.util.concurrent.CompletableFuture$UniRun.tryFire(CompletableFuture.java:784)
	at java.base/java.util.concurrent.CompletableFuture.postComplete(CompletableFuture.java:510)
	at java.base/java.util.concurrent.CompletableFuture.postFire(CompletableFuture.java:614)
	at java.base/java.util.concurrent.CompletableFuture$UniRun.tryFire(CompletableFuture.java:795)
	at java.base/java.util.concurrent.CompletableFuture$Completion.run(CompletableFuture.java:482)
	at TRANSFORMER/minecraft@1.18.2/net.minecraft.server.packs.resources.SimpleReloadInstance.m_143940_(SimpleReloadInstance.java:69)
	at TRANSFORMER/minecraft@1.18.2/net.minecraft.server.packs.resources.SimpleReloadInstance.m_10834_(SimpleReloadInstance.java:68)
	at java.base/java.util.concurrent.CompletableFuture$UniCompletion.claim(CompletableFuture.java:572)
	at java.base/java.util.concurrent.CompletableFuture$UniRun.tryFire(CompletableFuture.java:784)
	at java.base/java.util.concurrent.CompletableFuture.postComplete(CompletableFuture.java:510)
	at java.base/java.util.concurrent.CompletableFuture.postFire(CompletableFuture.java:614)
	at java.base/java.util.concurrent.CompletableFuture$UniRun.tryFire(CompletableFuture.java:795)
	at java.base/java.util.concurrent.CompletableFuture$Completion.run(CompletableFuture.java:482)
	at TRANSFORMER/minecraft@1.18.2/net.minecraft.server.packs.resources.SimpleReloadInstance.m_143940_(SimpleReloadInstance.java:69)
	at TRANSFORMER/minecraft@1.18.2/net.minecraft.server.packs.resources.SimpleReloadInstance.m_10834_(SimpleReloadInstance.java:68)
	at java.base/java.util.concurrent.CompletableFuture$UniCompletion.claim(CompletableFuture.java:572)
	at java.base/java.util.concurrent.CompletableFuture$UniRun.tryFire(CompletableFuture.java:784)
	at java.base/java.util.concurrent.CompletableFuture.postComplete(CompletableFuture.java:510)
	at java.base/java.util.concurrent.CompletableFuture.postFire(CompletableFuture.java:614)
	at java.base/java.util.concurrent.CompletableFuture$UniRun.tryFire(CompletableFuture.java:795)
	at java.base/java.util.concurrent.CompletableFuture$Completion.run(CompletableFuture.java:482)
	at TRANSFORMER/minecraft@1.18.2/net.minecraft.server.packs.resources.SimpleReloadInstance.m_143940_(SimpleReloadInstance.java:69)
	at TRANSFORMER/minecraft@1.18.2/net.minecraft.server.packs.resources.SimpleReloadInstance.m_10834_(SimpleReloadInstance.java:68)
	at java.base/java.util.concurrent.CompletableFuture$UniCompletion.claim(CompletableFuture.java:572)
	at java.base/java.util.concurrent.CompletableFuture$UniRun.tryFire(CompletableFuture.java:784)
	at java.base/java.util.concurrent.CompletableFuture.postComplete(CompletableFuture.java:510)
	at java.base/java.util.concurrent.CompletableFuture.postFire(CompletableFuture.java:614)
	at java.base/java.util.concurrent.CompletableFuture$UniRun.tryFire(CompletableFuture.java:795)
	at java.base/java.util.concurrent.CompletableFuture$Completion.run(CompletableFuture.java:482)
	at TRANSFORMER/minecraft@1.18.2/net.minecraft.server.packs.resources.SimpleReloadInstance.m_143940_(SimpleReloadInstance.java:69)
	at TRANSFORMER/minecraft@1.18.2/net.minecraft.server.packs.resources.SimpleReloadInstance.m_10834_(SimpleReloadInstance.java:68)
	at java.base/java.util.concurrent.CompletableFuture$UniCompletion.claim(CompletableFuture.java:572)
	at java.base/java.util.concurrent.CompletableFuture$UniRun.tryFire(CompletableFuture.java:784)
	at java.base/java.util.concurrent.CompletableFuture.postComplete(CompletableFuture.java:510)
	at java.base/java.util.concurrent.CompletableFuture.postFire(CompletableFuture.java:614)
	at java.base/java.util.concurrent.CompletableFuture$UniRun.tryFire(CompletableFuture.java:795)
	at java.base/java.util.concurrent.CompletableFuture$Completion.run(CompletableFuture.java:482)
	at TRANSFORMER/minecraft@1.18.2/net.minecraft.server.packs.resources.SimpleReloadInstance.m_143940_(SimpleReloadInstance.java:69)
	at TRANSFORMER/minecraft@1.18.2/net.minecraft.server.packs.resources.SimpleReloadInstance.m_10834_(SimpleReloadInstance.java:68)
	at java.base/java.util.concurrent.CompletableFuture$UniCompletion.claim(CompletableFuture.java:572)
	at java.base/java.util.concurrent.CompletableFuture$UniRun.tryFire(CompletableFuture.java:784)
	at java.base/java.util.concurrent.CompletableFuture.postComplete(CompletableFuture.java:510)
	at java.base/java.util.concurrent.CompletableFuture.postFire(CompletableFuture.java:614)
	at java.base/java.util.concurrent.CompletableFuture$UniAccept.tryFire(CompletableFuture.java:726)
	at java.base/java.util.concurrent.CompletableFuture$Completion.run(CompletableFuture.java:482)
	at TRANSFORMER/minecraft@1.18.2/net.minecraft.server.packs.resources.SimpleReloadInstance.m_143940_(SimpleReloadInstance.java:69)
	at TRANSFORMER/minecraft@1.18.2/net.minecraft.server.packs.resources.SimpleReloadInstance.m_10834_(SimpleReloadInstance.java:68)
	at java.base/java.util.concurrent.CompletableFuture$UniCompletion.claim(CompletableFuture.java:572)
	at java.base/java.util.concurrent.CompletableFuture$UniAccept.tryFire(CompletableFuture.java:714)
	at java.base/java.util.concurrent.CompletableFuture.postComplete(CompletableFuture.java:510)
	at java.base/java.util.concurrent.CompletableFuture.postFire(CompletableFuture.java:614)
	at java.base/java.util.concurrent.CompletableFuture$UniAccept.tryFire(CompletableFuture.java:726)
	at java.base/java.util.concurrent.CompletableFuture$Completion.run(CompletableFuture.java:482)
	at TRANSFORMER/minecraft@1.18.2/net.minecraft.server.packs.resources.SimpleReloadInstance.m_143940_(SimpleReloadInstance.java:69)
	at TRANSFORMER/minecraft@1.18.2/net.minecraft.server.packs.resources.SimpleReloadInstance.m_10834_(SimpleReloadInstance.java:68)
	at java.base/java.util.concurrent.CompletableFuture$UniCompletion.claim(CompletableFuture.java:572)
	at java.base/java.util.concurrent.CompletableFuture$UniAccept.tryFire(CompletableFuture.java:714)
	at java.base/java.util.concurrent.CompletableFuture.postComplete(CompletableFuture.java:510)
	at java.base/java.util.concurrent.CompletableFuture.postFire(CompletableFuture.java:614)
	at java.base/java.util.concurrent.CompletableFuture$UniAccept.tryFire(CompletableFuture.java:726)
	at java.base/java.util.concurrent.CompletableFuture$Completion.run(CompletableFuture.java:482)
	at TRANSFORMER/minecraft@1.18.2/net.minecraft.server.packs.resources.SimpleReloadInstance.m_143940_(SimpleReloadInstance.java:69)
	at TRANSFORMER/minecraft@1.18.2/net.minecraft.server.packs.resources.SimpleReloadInstance.m_10834_(SimpleReloadInstance.java:68)
	at java.base/java.util.concurrent.CompletableFuture$UniCompletion.claim(CompletableFuture.java:572)
	at java.base/java.util.concurrent.CompletableFuture$UniAccept.tryFire(CompletableFuture.java:714)
	at java.base/java.util.concurrent.CompletableFuture.postComplete(CompletableFuture.java:510)
	at java.base/java.util.concurrent.CompletableFuture.postFire(CompletableFuture.java:614)
	at java.base/java.util.concurrent.CompletableFuture$UniRun.tryFire(CompletableFuture.java:795)
	at java.base/java.util.concurrent.CompletableFuture$Completion.run(CompletableFuture.java:482)
	at TRANSFORMER/minecraft@1.18.2/net.minecraft.server.packs.resources.SimpleReloadInstance.m_143940_(SimpleReloadInstance.java:69)
	at TRANSFORMER/minecraft@1.18.2/net.minecraft.server.packs.resources.SimpleReloadInstance.m_10834_(SimpleReloadInstance.java:68)
	at java.base/java.util.concurrent.CompletableFuture$UniCompletion.claim(CompletableFuture.java:572)
	at java.base/java.util.concurrent.CompletableFuture$UniRun.tryFire(CompletableFuture.java:784)
	at java.base/java.util.concurrent.CompletableFuture.postComplete(CompletableFuture.java:510)
	at java.base/java.util.concurrent.CompletableFuture.postFire(CompletableFuture.java:614)
	at java.base/java.util.concurrent.CompletableFuture$UniAccept.tryFire(CompletableFuture.java:726)
	at java.base/java.util.concurrent.CompletableFuture$Completion.run(CompletableFuture.java:482)
	at TRANSFORMER/minecraft@1.18.2/net.minecraft.server.packs.resources.SimpleReloadInstance.m_143940_(SimpleReloadInstance.java:69)
	at TRANSFORMER/minecraft@1.18.2/net.minecraft.server.packs.resources.SimpleReloadInstance.m_10834_(SimpleReloadInstance.java:68)
	at java.base/java.util.concurrent.CompletableFuture$UniCompletion.claim(CompletableFuture.java:572)
	at java.base/java.util.concurrent.CompletableFuture$UniAccept.tryFire(CompletableFuture.java:714)
	at java.base/java.util.concurrent.CompletableFuture.postComplete(CompletableFuture.java:510)
	at java.base/java.util.concurrent.CompletableFuture.postFire(CompletableFuture.java:614)
	at java.base/java.util.concurrent.CompletableFuture$UniAccept.tryFire(CompletableFuture.java:726)
	at java.base/java.util.concurrent.CompletableFuture$Completion.run(CompletableFuture.java:482)
	at TRANSFORMER/minecraft@1.18.2/net.minecraft.server.packs.resources.SimpleReloadInstance.m_143940_(SimpleReloadInstance.java:69)
	at TRANSFORMER/minecraft@1.18.2/net.minecraft.server.packs.resources.SimpleReloadInstance.m_10834_(SimpleReloadInstance.java:68)
	at java.base/java.util.concurrent.CompletableFuture$UniCompletion.claim(CompletableFuture.java:572)
	at java.base/java.util.concurrent.CompletableFuture$UniAccept.tryFire(CompletableFuture.java:714)
	at java.base/java.util.concurrent.CompletableFuture.postComplete(CompletableFuture.java:510)
	at java.base/java.util.concurrent.CompletableFuture.postFire(CompletableFuture.java:614)
	at java.base/java.util.concurrent.CompletableFuture$UniRun.tryFire(CompletableFuture.java:795)
	at java.base/java.util.concurrent.CompletableFuture$Completion.run(CompletableFuture.java:482)
	at TRANSFORMER/minecraft@1.18.2/net.minecraft.server.packs.resources.SimpleReloadInstance.m_143940_(SimpleReloadInstance.java:69)
	at TRANSFORMER/minecraft@1.18.2/net.minecraft.server.packs.resources.SimpleReloadInstance.m_10834_(SimpleReloadInstance.java:68)
	at java.base/java.util.concurrent.CompletableFuture$UniCompletion.claim(CompletableFuture.java:572)
	at java.base/java.util.concurrent.CompletableFuture$UniRun.tryFire(CompletableFuture.java:784)
	at java.base/java.util.concurrent.CompletableFuture.postComplete(CompletableFuture.java:510)
	at java.base/java.util.concurrent.CompletableFuture.postFire(CompletableFuture.java:614)
	at java.base/java.util.concurrent.CompletableFuture$UniAccept.tryFire(CompletableFuture.java:726)
	at java.base/java.util.concurrent.CompletableFuture$Completion.run(CompletableFuture.java:482)
	at TRANSFORMER/minecraft@1.18.2/net.minecraft.server.packs.resources.SimpleReloadInstance.m_143940_(SimpleReloadInstance.java:69)
	at TRANSFORMER/minecraft@1.18.2/net.minecraft.server.packs.resources.SimpleReloadInstance.m_10834_(SimpleReloadInstance.java:68)
	at java.base/java.util.concurrent.CompletableFuture$UniCompletion.claim(CompletableFuture.java:572)
	at java.base/java.util.concurrent.CompletableFuture$UniAccept.tryFire(CompletableFuture.java:714)
	at java.base/java.util.concurrent.CompletableFuture.postComplete(CompletableFuture.java:510)
	at java.base/java.util.concurrent.CompletableFuture.postFire(CompletableFuture.java:614)
	at java.base/java.util.concurrent.CompletableFuture$UniAccept.tryFire(CompletableFuture.java:726)
	at java.base/java.util.concurrent.CompletableFuture$Completion.run(CompletableFuture.java:482)
	at TRANSFORMER/minecraft@1.18.2/net.minecraft.server.packs.resources.SimpleReloadInstance.m_143940_(SimpleReloadInstance.java:69)
	at TRANSFORMER/minecraft@1.18.2/net.minecraft.server.packs.resources.SimpleReloadInstance.m_10834_(SimpleReloadInstance.java:68)
	at java.base/java.util.concurrent.CompletableFuture$UniCompletion.claim(CompletableFuture.java:572)
	at java.base/java.util.concurrent.CompletableFuture$UniAccept.tryFire(CompletableFuture.java:714)
	at java.base/java.util.concurrent.CompletableFuture.postComplete(CompletableFuture.java:510)
	at java.base/java.util.concurrent.CompletableFuture.postFire(CompletableFuture.java:614)
	at java.base/java.util.concurrent.CompletableFuture$UniAccept.tryFire(CompletableFuture.java:726)
	at java.base/java.util.concurrent.CompletableFuture$Completion.run(CompletableFuture.java:482)
	at TRANSFORMER/minecraft@1.18.2/net.minecraft.server.packs.resources.SimpleReloadInstance.m_143940_(SimpleReloadInstance.java:69)
	at TRANSFORMER/minecraft@1.18.2/net.minecraft.server.packs.resources.SimpleReloadInstance.m_10834_(SimpleReloadInstance.java:68)
	at java.base/java.util.concurrent.CompletableFuture$UniCompletion.claim(CompletableFuture.java:572)
	at java.base/java.util.concurrent.CompletableFuture$UniAccept.tryFire(CompletableFuture.java:714)
	at java.base/java.util.concurrent.CompletableFuture.postComplete(CompletableFuture.java:510)
	at java.base/java.util.concurrent.CompletableFuture.postFire(CompletableFuture.java:614)
	at java.base/java.util.concurrent.CompletableFuture$UniAccept.tryFire(CompletableFuture.java:726)
	at java.base/java.util.concurrent.CompletableFuture$Completion.run(CompletableFuture.java:482)
	at TRANSFORMER/minecraft@1.18.2/net.minecraft.server.packs.resources.SimpleReloadInstance.m_143940_(SimpleReloadInstance.java:69)
	at TRANSFORMER/minecraft@1.18.2/net.minecraft.server.packs.resources.SimpleReloadInstance.m_10834_(SimpleReloadInstance.java:68)
	at java.base/java.util.concurrent.CompletableFuture$UniCompletion.claim(CompletableFuture.java:572)
	at java.base/java.util.concurrent.CompletableFuture$UniAccept.tryFire(CompletableFuture.java:714)
	at java.base/java.util.concurrent.CompletableFuture.postComplete(CompletableFuture.java:510)
	at java.base/java.util.concurrent.CompletableFuture.postFire(CompletableFuture.java:614)
	at java.base/java.util.concurrent.CompletableFuture$UniAccept.tryFire(CompletableFuture.java:726)
	at java.base/java.util.concurrent.CompletableFuture$Completion.run(CompletableFuture.java:482)
	at TRANSFORMER/minecraft@1.18.2/net.minecraft.server.packs.resources.SimpleReloadInstance.m_143940_(SimpleReloadInstance.java:69)
	at TRANSFORMER/minecraft@1.18.2/net.minecraft.server.packs.resources.SimpleReloadInstance.m_10834_(SimpleReloadInstance.java:68)
	at java.base/java.util.concurrent.CompletableFuture$UniCompletion.claim(CompletableFuture.java:572)
	at java.base/java.util.concurrent.CompletableFuture$UniAccept.tryFire(CompletableFuture.java:714)
	at java.base/java.util.concurrent.CompletableFuture.postComplete(CompletableFuture.java:510)
	at java.base/java.util.concurrent.CompletableFuture.postFire(CompletableFuture.java:614)
	at java.base/java.util.concurrent.CompletableFuture$UniAccept.tryFire(CompletableFuture.java:726)
	at java.base/java.util.concurrent.CompletableFuture$Completion.run(CompletableFuture.java:482)
	at TRANSFORMER/minecraft@1.18.2/net.minecraft.server.packs.resources.SimpleReloadInstance.m_143940_(SimpleReloadInstance.java:69)
	at TRANSFORMER/minecraft@1.18.2/net.minecraft.server.packs.resources.SimpleReloadInstance.m_10834_(SimpleReloadInstance.java:68)
	at java.base/java.util.concurrent.CompletableFuture$UniCompletion.claim(CompletableFuture.java:572)
	at java.base/java.util.concurrent.CompletableFuture$UniAccept.tryFire(CompletableFuture.java:714)
	at java.base/java.util.concurrent.CompletableFuture.postComplete(CompletableFuture.java:510)
	at java.base/java.util.concurrent.CompletableFuture.postFire(CompletableFuture.java:614)
	at java.base/java.util.concurrent.CompletableFuture$UniAccept.tryFire(CompletableFuture.java:726)
	at java.base/java.util.concurrent.CompletableFuture$Completion.run(CompletableFuture.java:482)
	at TRANSFORMER/minecraft@1.18.2/net.minecraft.server.packs.resources.SimpleReloadInstance.m_143940_(SimpleReloadInstance.java:69)
	at TRANSFORMER/minecraft@1.18.2/net.minecraft.server.packs.resources.SimpleReloadInstance.m_10834_(SimpleReloadInstance.java:68)
	at java.base/java.util.concurrent.CompletableFuture$UniCompletion.claim(CompletableFuture.java:572)
	at java.base/java.util.concurrent.CompletableFuture$UniAccept.tryFire(CompletableFuture.java:714)
	at java.base/java.util.concurrent.CompletableFuture.postComplete(CompletableFuture.java:510)
	at java.base/java.util.concurrent.CompletableFuture.postFire(CompletableFuture.java:614)
	at java.base/java.util.concurrent.CompletableFuture$UniAccept.tryFire(CompletableFuture.java:726)
	at java.base/java.util.concurrent.CompletableFuture$Completion.run(CompletableFuture.java:482)
	at TRANSFORMER/minecraft@1.18.2/net.minecraft.server.packs.resources.SimpleReloadInstance.m_143940_(SimpleReloadInstance.java:69)
	at TRANSFORMER/minecraft@1.18.2/net.minecraft.server.packs.resources.SimpleReloadInstance.m_10834_(SimpleReloadInstance.java:68)
	at java.base/java.util.concurrent.CompletableFuture$UniCompletion.claim(CompletableFuture.java:572)
	at java.base/java.util.concurrent.CompletableFuture$UniAccept.tryFire(CompletableFuture.java:714)
	at java.base/java.util.concurrent.CompletableFuture.postComplete(CompletableFuture.java:510)
	at java.base/java.util.concurrent.CompletableFuture.complete(CompletableFuture.java:2147)
	at TRANSFORMER/minecraft@1.18.2/net.minecraft.server.packs.resources.SimpleReloadInstance$1.m_10855_(SimpleReloadInstance.java:51)
	at TRANSFORMER/minecraft@1.18.2/net.minecraft.server.packs.resources.SimpleReloadInstance$1.m_6769_(SimpleReloadInstance.java:48)
	at java.base/java.util.concurrent.CompletableFuture$UniCompose.tryFire(CompletableFuture.java:1150)
	at java.base/java.util.concurrent.CompletableFuture.postComplete(CompletableFuture.java:510)
	at java.base/java.util.concurrent.CompletableFuture$AsyncSupply.run(CompletableFuture.java:1773)
	at java.base/java.util.concurrent.CompletableFuture$AsyncSupply.exec(CompletableFuture.java:1760)
	at java.base/java.util.concurrent.ForkJoinTask.doExec(ForkJoinTask.java:373)
	at java.base/java.util.concurrent.ForkJoinPool$WorkQueue.topLevelExec(ForkJoinPool.java:1182)
	at java.base/java.util.concurrent.ForkJoinPool.scan(ForkJoinPool.java:1655)
	at java.base/java.util.concurrent.ForkJoinPool.runWorker(ForkJoinPool.java:1622)
	at java.base/java.util.concurrent.ForkJoinWorkerThread.run(ForkJoinWorkerThread.java:165)
[18:10:22] [Worker-Main-5/DEBUG] [REI] ========================================
[18:10:22] [Worker-Main-5/DEBUG] [REI] REIPlugin starting pre-reload for START.
[18:10:22] [Worker-Main-5/DEBUG] [REI] Reloadables (7):
[18:10:22] [Worker-Main-5/DEBUG] [REI]  - EntryTypeRegistryImpl
[18:10:22] [Worker-Main-5/DEBUG] [REI]  - EntrySettingsAdapterRegistryImpl
[18:10:22] [Worker-Main-5/DEBUG] [REI]  - RecipeManagerContextImpl
[18:10:22] [Worker-Main-5/DEBUG] [REI]  - ItemComparatorRegistryImpl
[18:10:22] [Worker-Main-5/DEBUG] [REI]  - FluidComparatorRegistryImpl
[18:10:22] [Worker-Main-5/DEBUG] [REI]  - DisplaySerializerRegistryImpl
[18:10:22] [Worker-Main-5/DEBUG] [REI]  - FluidSupportProviderImpl
[18:10:22] [Worker-Main-5/DEBUG] [REI] Plugins (2):
[18:10:22] [Worker-Main-5/DEBUG] [REI]  - (-100.00) DefaultPluginImpl of DefaultPluginImpl [roughlyenoughitems]
[18:10:22] [Worker-Main-5/DEBUG] [REI]  - (0.00) DefaultRuntimePlugin of DefaultRuntimePlugin [roughlyenoughitems]
[18:10:22] [Worker-Main-5/DEBUG] [REI] ========================================
[18:10:22] [Worker-Main-5/TRACE] [REI] [REIPlugin START] Reloading Section: "pre-register/"
[18:10:22] [Worker-Main-5/TRACE] [REI] [REIPlugin START] Reloading Section: "pre-register/DefaultPluginImpl of DefaultPluginImpl [roughlyenoughitems]/"
[18:10:22] [Worker-Main-5/TRACE] [REI] [REIPlugin START] Reloading Section: "pre-register/DefaultPluginImpl of DefaultPluginImpl [roughlyenoughitems]/" done in 884.5 μs
[18:10:22] [Worker-Main-5/TRACE] [REI] [REIPlugin START] Reloading Section: "pre-register/DefaultRuntimePlugin of DefaultRuntimePlugin [roughlyenoughitems]/"
[18:10:22] [Worker-Main-5/TRACE] [REI] [REIPlugin START] Reloading Section: "pre-register/DefaultRuntimePlugin of DefaultRuntimePlugin [roughlyenoughitems]/" done in 46.51 μs
[18:10:22] [Worker-Main-5/TRACE] [REI] [REIPlugin START] Reloading Section: "pre-register/" done in 8.616 ms
[18:10:22] [Worker-Main-5/TRACE] [REI] [REIPlugin START] Reloading Section: "pre-stage/"
[18:10:22] [Worker-Main-5/TRACE] [REI] [REIPlugin START] Reloading Section: "pre-stage/EntryTypeRegistryImpl/"
[18:10:22] [Worker-Main-5/TRACE] [REI] [REIPlugin START] Reloading Section: "pre-stage/EntryTypeRegistryImpl/" done in 204.6 μs
[18:10:22] [Worker-Main-5/TRACE] [REI] [REIPlugin START] Reloading Section: "pre-stage/EntrySettingsAdapterRegistryImpl/"
[18:10:22] [Worker-Main-5/TRACE] [REI] [REIPlugin START] Reloading Section: "pre-stage/EntrySettingsAdapterRegistryImpl/" done in 44.22 μs
[18:10:22] [Worker-Main-5/TRACE] [REI] [REIPlugin START] Reloading Section: "pre-stage/RecipeManagerContextImpl/"
[18:10:22] [Worker-Main-5/TRACE] [REI] [REIPlugin START] Reloading Section: "pre-stage/RecipeManagerContextImpl/" done in 27.95 μs
[18:10:22] [Worker-Main-5/TRACE] [REI] [REIPlugin START] Reloading Section: "pre-stage/ItemComparatorRegistryImpl/"
[18:10:22] [Worker-Main-5/TRACE] [REI] [REIPlugin START] Reloading Section: "pre-stage/ItemComparatorRegistryImpl/" done in 31.20 μs
[18:10:22] [Worker-Main-5/TRACE] [REI] [REIPlugin START] Reloading Section: "pre-stage/FluidComparatorRegistryImpl/"
[18:10:22] [Worker-Main-5/TRACE] [REI] [REIPlugin START] Reloading Section: "pre-stage/FluidComparatorRegistryImpl/" done in 40.48 μs
[18:10:22] [Worker-Main-5/TRACE] [REI] [REIPlugin START] Reloading Section: "pre-stage/DisplaySerializerRegistryImpl/"
[18:10:22] [Worker-Main-5/TRACE] [REI] [REIPlugin START] Reloading Section: "pre-stage/DisplaySerializerRegistryImpl/" done in 47.71 μs
[18:10:22] [Worker-Main-5/TRACE] [REI] [REIPlugin START] Reloading Section: "pre-stage/FluidSupportProviderImpl/"
[18:10:22] [Worker-Main-5/TRACE] [REI] [REIPlugin START] Reloading Section: "pre-stage/FluidSupportProviderImpl/" done in 41.02 μs
[18:10:22] [Worker-Main-5/TRACE] [REI] [REIPlugin START] Reloading Section: "pre-stage/" done in 1.086 ms
[18:10:22] [Worker-Main-5/DEBUG] [REI] ========================================
[18:10:22] [Worker-Main-5/DEBUG] [REI] REIPlugin finished pre-reload for START in 10.36 ms.
[18:10:22] [Worker-Main-5/DEBUG] [REI] ========================================
[18:10:22] [Worker-Main-5/DEBUG] [REI] ========================================
[18:10:22] [Worker-Main-5/DEBUG] [REI] REIServerPlugin starting pre-reload for START.
[18:10:22] [Worker-Main-5/DEBUG] [REI] Reloadables (2):
[18:10:22] [Worker-Main-5/DEBUG] [REI]  - MenuInfoRegistryImpl
[18:10:22] [Worker-Main-5/DEBUG] [REI]  - SlotAccessorRegistryImpl
[18:10:22] [Worker-Main-5/DEBUG] [REI] Plugins (2):
[18:10:22] [Worker-Main-5/DEBUG] [REI]  - (-100.00) DefaultPluginImpl of DefaultPluginImpl [roughlyenoughitems]
[18:10:22] [Worker-Main-5/DEBUG] [REI]  - (0.00) DefaultRuntimePlugin of DefaultRuntimePlugin [roughlyenoughitems]
[18:10:22] [Worker-Main-5/DEBUG] [REI] ========================================
[18:10:22] [Worker-Main-5/TRACE] [REI] [REIServerPlugin START] Reloading Section: "pre-register/"
[18:10:22] [Worker-Main-5/TRACE] [REI] [REIServerPlugin START] Reloading Section: "pre-register/DefaultPluginImpl of DefaultPluginImpl [roughlyenoughitems]/"
[18:10:22] [Worker-Main-5/TRACE] [REI] [REIServerPlugin START] Reloading Section: "pre-register/DefaultPluginImpl of DefaultPluginImpl [roughlyenoughitems]/" done in 34.30 μs
[18:10:22] [Worker-Main-5/TRACE] [REI] [REIServerPlugin START] Reloading Section: "pre-register/DefaultRuntimePlugin of DefaultRuntimePlugin [roughlyenoughitems]/"
[18:10:22] [Worker-Main-5/TRACE] [REI] [REIServerPlugin START] Reloading Section: "pre-register/DefaultRuntimePlugin of DefaultRuntimePlugin [roughlyenoughitems]/" done in 32.22 μs
[18:10:22] [Worker-Main-5/TRACE] [REI] [REIServerPlugin START] Reloading Section: "pre-register/" done in 264.1 μs
[18:10:22] [Worker-Main-5/TRACE] [REI] [REIServerPlugin START] Reloading Section: "pre-stage/"
[18:10:22] [Worker-Main-5/TRACE] [REI] [REIServerPlugin START] Reloading Section: "pre-stage/MenuInfoRegistryImpl/"
[18:10:22] [Worker-Main-5/TRACE] [REI] [REIServerPlugin START] Reloading Section: "pre-stage/MenuInfoRegistryImpl/" done in 38.00 μs
[18:10:22] [Worker-Main-5/TRACE] [REI] [REIServerPlugin START] Reloading Section: "pre-stage/SlotAccessorRegistryImpl/"
[18:10:22] [Worker-Main-5/TRACE] [REI] [REIServerPlugin START] Reloading Section: "pre-stage/SlotAccessorRegistryImpl/" done in 44.62 μs
[18:10:22] [Worker-Main-5/TRACE] [REI] [REIServerPlugin START] Reloading Section: "pre-stage/" done in 291.4 μs
[18:10:22] [Worker-Main-5/DEBUG] [REI] ========================================
[18:10:22] [Worker-Main-5/DEBUG] [REI] REIServerPlugin finished pre-reload for START in 709.6 μs.
[18:10:22] [Worker-Main-5/DEBUG] [REI] ========================================
[18:10:22] [Worker-Main-5/INFO] [REI] ++++++++++++++++++++++++++++++++++++++++
[18:10:22] [Worker-Main-5/INFO] [REI] REIPlugin starting main-reload for START.
[18:10:22] [Worker-Main-5/DEBUG] [REI] Reloadables (7):
[18:10:22] [Worker-Main-5/DEBUG] [REI]  - EntryTypeRegistryImpl
[18:10:22] [Worker-Main-5/DEBUG] [REI]  - EntrySettingsAdapterRegistryImpl
[18:10:22] [Worker-Main-5/DEBUG] [REI]  - RecipeManagerContextImpl
[18:10:22] [Worker-Main-5/DEBUG] [REI]  - ItemComparatorRegistryImpl
[18:10:22] [Worker-Main-5/DEBUG] [REI]  - FluidComparatorRegistryImpl
[18:10:22] [Worker-Main-5/DEBUG] [REI]  - DisplaySerializerRegistryImpl
[18:10:22] [Worker-Main-5/DEBUG] [REI]  - FluidSupportProviderImpl
[18:10:22] [Worker-Main-5/INFO] [REI] Plugins (2):
[18:10:22] [Worker-Main-5/INFO] [REI]  - (-100.00) DefaultPluginImpl of DefaultPluginImpl [roughlyenoughitems]
[18:10:22] [Worker-Main-5/INFO] [REI]  - (0.00) DefaultRuntimePlugin of DefaultRuntimePlugin [roughlyenoughitems]
[18:10:22] [Worker-Main-5/INFO] [REI] ++++++++++++++++++++++++++++++++++++++++
[18:10:22] [Worker-Main-5/TRACE] [REI] [REIPlugin START] Reloading Section: "start-reload/"
[18:10:22] [Worker-Main-5/TRACE] [REI] [REIPlugin START] Reloading Section: "start-reload/EntryTypeRegistryImpl/"
[18:10:22] [Worker-Main-5/TRACE] [REI] [REIPlugin START] Reloading Section: "start-reload/EntryTypeRegistryImpl/" done in 60.25 μs
[18:10:22] [Worker-Main-5/TRACE] [REI] [REIPlugin START] Reloading Section: "start-reload/EntrySettingsAdapterRegistryImpl/"
[18:10:22] [Worker-Main-5/TRACE] [REI] [REIPlugin START] Reloading Section: "start-reload/EntrySettingsAdapterRegistryImpl/" done in 36.82 μs
[18:10:22] [Worker-Main-5/TRACE] [REI] [REIPlugin START] Reloading Section: "start-reload/RecipeManagerContextImpl/"
[18:10:22] [Worker-Main-5/TRACE] [REI] [REIPlugin START] Reloading Section: "start-reload/RecipeManagerContextImpl/" done in 38.53 μs
[18:10:22] [Worker-Main-5/TRACE] [REI] [REIPlugin START] Reloading Section: "start-reload/ItemComparatorRegistryImpl/"
[18:10:22] [Worker-Main-5/TRACE] [REI] [REIPlugin START] Reloading Section: "start-reload/ItemComparatorRegistryImpl/" done in 58.28 μs
[18:10:22] [Worker-Main-5/TRACE] [REI] [REIPlugin START] Reloading Section: "start-reload/FluidComparatorRegistryImpl/"
[18:10:22] [Worker-Main-5/TRACE] [REI] [REIPlugin START] Reloading Section: "start-reload/FluidComparatorRegistryImpl/" done in 62.46 μs
[18:10:22] [Worker-Main-5/TRACE] [REI] [REIPlugin START] Reloading Section: "start-reload/DisplaySerializerRegistryImpl/"
[18:10:22] [Worker-Main-5/TRACE] [REI] [REIPlugin START] Reloading Section: "start-reload/DisplaySerializerRegistryImpl/" done in 45.53 μs
[18:10:22] [Worker-Main-5/TRACE] [REI] [REIPlugin START] Reloading Section: "start-reload/FluidSupportProviderImpl/"
[18:10:22] [Worker-Main-5/TRACE] [REI] [REIPlugin START] Reloading Section: "start-reload/FluidSupportProviderImpl/" done in 58.67 μs
[18:10:22] [Worker-Main-5/TRACE] [REI] [REIPlugin START] Reloading Section: "start-reload/" done in 1.071 ms
[18:10:22] [Worker-Main-5/DEBUG] [REI] ========================================
[18:10:22] [Worker-Main-5/DEBUG] [REI] REIPlugin started main-reload for START.
[18:10:22] [Worker-Main-5/DEBUG] [REI] ========================================
[18:10:22] [Worker-Main-5/TRACE] [REI] [REIPlugin START] Reloading Section: "reloadable-plugin/EntryTypeRegistryImpl/"
[18:10:22] [Worker-Main-5/TRACE] [REI] [REIPlugin START] Reloading Section: "reloadable-plugin/EntryTypeRegistryImpl/DefaultPluginImpl of DefaultPluginImpl [roughlyenoughitems]/"
[18:10:22] [Worker-Main-5/TRACE] [REI] [REIPlugin START] Reloading Section: "reloadable-plugin/EntryTypeRegistryImpl/DefaultPluginImpl of DefaultPluginImpl [roughlyenoughitems]/" done in 273.8 μs
[18:10:22] [Worker-Main-5/TRACE] [REI] [REIPlugin START] Reloading Section: "reloadable-plugin/EntryTypeRegistryImpl/DefaultRuntimePlugin of DefaultRuntimePlugin [roughlyenoughitems]/"
[18:10:22] [Worker-Main-5/TRACE] [REI] [REIPlugin START] Reloading Section: "reloadable-plugin/EntryTypeRegistryImpl/DefaultRuntimePlugin of DefaultRuntimePlugin [roughlyenoughitems]/" done in 9.190 ms
[18:10:22] [Worker-Main-5/TRACE] [REI] [REIPlugin START] Reloading Section: "reloadable-plugin/EntryTypeRegistryImpl/" done in 10.64 ms
[18:10:22] [Worker-Main-5/TRACE] [REI] [REIPlugin START] Reloading Section: "reloadable-plugin/EntrySettingsAdapterRegistryImpl/"
[18:10:22] [Worker-Main-5/TRACE] [REI] [REIPlugin START] Reloading Section: "reloadable-plugin/EntrySettingsAdapterRegistryImpl/DefaultPluginImpl of DefaultPluginImpl [roughlyenoughitems]/"
[18:10:22] [Worker-Main-5/TRACE] [REI] [REIPlugin START] Reloading Section: "reloadable-plugin/EntrySettingsAdapterRegistryImpl/DefaultPluginImpl of DefaultPluginImpl [roughlyenoughitems]/" done in 41.32 μs
[18:10:22] [Worker-Main-5/TRACE] [REI] [REIPlugin START] Reloading Section: "reloadable-plugin/EntrySettingsAdapterRegistryImpl/DefaultRuntimePlugin of DefaultRuntimePlugin [roughlyenoughitems]/"
[18:10:22] [Worker-Main-5/TRACE] [REI] [REIPlugin START] Reloading Section: "reloadable-plugin/EntrySettingsAdapterRegistryImpl/DefaultRuntimePlugin of DefaultRuntimePlugin [roughlyenoughitems]/" done in 51.74 μs
[18:10:22] [Worker-Main-5/TRACE] [REI] [REIPlugin START] Reloading Section: "reloadable-plugin/EntrySettingsAdapterRegistryImpl/" done in 370.3 μs
[18:10:22] [Worker-Main-5/TRACE] [REI] [REIPlugin START] Reloading Section: "reloadable-plugin/RecipeManagerContextImpl/"
[18:10:22] [Worker-Main-5/TRACE] [REI] [REIPlugin START] Reloading Section: "reloadable-plugin/RecipeManagerContextImpl/DefaultPluginImpl of DefaultPluginImpl [roughlyenoughitems]/"
[18:10:22] [Worker-Main-5/TRACE] [REI] [REIPlugin START] Reloading Section: "reloadable-plugin/RecipeManagerContextImpl/DefaultPluginImpl of DefaultPluginImpl [roughlyenoughitems]/" done in 52.87 μs
[18:10:22] [Worker-Main-5/TRACE] [REI] [REIPlugin START] Reloading Section: "reloadable-plugin/RecipeManagerContextImpl/DefaultRuntimePlugin of DefaultRuntimePlugin [roughlyenoughitems]/"
[18:10:22] [Worker-Main-5/TRACE] [REI] [REIPlugin START] Reloading Section: "reloadable-plugin/RecipeManagerContextImpl/DefaultRuntimePlugin of DefaultRuntimePlugin [roughlyenoughitems]/" done in 48.92 μs
[18:10:22] [Worker-Main-5/TRACE] [REI] [REIPlugin START] Reloading Section: "reloadable-plugin/RecipeManagerContextImpl/" done in 364.1 μs
[18:10:22] [Worker-Main-5/TRACE] [REI] [REIPlugin START] Reloading Section: "reloadable-plugin/ItemComparatorRegistryImpl/"
[18:10:22] [Worker-Main-5/TRACE] [REI] [REIPlugin START] Reloading Section: "reloadable-plugin/ItemComparatorRegistryImpl/DefaultPluginImpl of DefaultPluginImpl [roughlyenoughitems]/"
[18:10:22] [Worker-Main-5/TRACE] [REI] [REIPlugin START] Reloading Section: "reloadable-plugin/ItemComparatorRegistryImpl/DefaultPluginImpl of DefaultPluginImpl [roughlyenoughitems]/" done in 871.0 μs
[18:10:22] [Worker-Main-5/TRACE] [REI] [REIPlugin START] Reloading Section: "reloadable-plugin/ItemComparatorRegistryImpl/DefaultRuntimePlugin of DefaultRuntimePlugin [roughlyenoughitems]/"
[18:10:22] [Worker-Main-5/TRACE] [REI] [REIPlugin START] Reloading Section: "reloadable-plugin/ItemComparatorRegistryImpl/DefaultRuntimePlugin of DefaultRuntimePlugin [roughlyenoughitems]/" done in 52.65 μs
[18:10:22] [Worker-Main-5/TRACE] [REI] [REIPlugin START] Reloading Section: "reloadable-plugin/ItemComparatorRegistryImpl/" done in 1.199 ms
[18:10:22] [Worker-Main-5/TRACE] [REI] [REIPlugin START] Reloading Section: "reloadable-plugin/FluidComparatorRegistryImpl/"
[18:10:22] [Worker-Main-5/TRACE] [REI] [REIPlugin START] Reloading Section: "reloadable-plugin/FluidComparatorRegistryImpl/DefaultPluginImpl of DefaultPluginImpl [roughlyenoughitems]/"
[18:10:22] [Worker-Main-5/TRACE] [REI] [REIPlugin START] Reloading Section: "reloadable-plugin/FluidComparatorRegistryImpl/DefaultPluginImpl of DefaultPluginImpl [roughlyenoughitems]/" done in 71.64 μs
[18:10:22] [Worker-Main-5/TRACE] [REI] [REIPlugin START] Reloading Section: "reloadable-plugin/FluidComparatorRegistryImpl/DefaultRuntimePlugin of DefaultRuntimePlugin [roughlyenoughitems]/"
[18:10:22] [Worker-Main-5/TRACE] [REI] [REIPlugin START] Reloading Section: "reloadable-plugin/FluidComparatorRegistryImpl/DefaultRuntimePlugin of DefaultRuntimePlugin [roughlyenoughitems]/" done in 74.74 μs
[18:10:22] [Worker-Main-5/TRACE] [REI] [REIPlugin START] Reloading Section: "reloadable-plugin/FluidComparatorRegistryImpl/" done in 431.3 μs
[18:10:22] [Worker-Main-5/TRACE] [REI] [REIPlugin START] Reloading Section: "reloadable-plugin/DisplaySerializerRegistryImpl/"
[18:10:22] [Worker-Main-5/TRACE] [REI] [REIPlugin START] Reloading Section: "reloadable-plugin/DisplaySerializerRegistryImpl/DefaultPluginImpl of DefaultPluginImpl [roughlyenoughitems]/"
[18:10:22] [Worker-Main-5/TRACE] [REI] [REIPlugin START] Reloading Section: "reloadable-plugin/DisplaySerializerRegistryImpl/DefaultPluginImpl of DefaultPluginImpl [roughlyenoughitems]/" done in 47.53 μs
[18:10:22] [Worker-Main-5/TRACE] [REI] [REIPlugin START] Reloading Section: "reloadable-plugin/DisplaySerializerRegistryImpl/DefaultRuntimePlugin of DefaultRuntimePlugin [roughlyenoughitems]/"
[18:10:22] [Worker-Main-5/TRACE] [REI] [REIPlugin START] Reloading Section: "reloadable-plugin/DisplaySerializerRegistryImpl/DefaultRuntimePlugin of DefaultRuntimePlugin [roughlyenoughitems]/" done in 48.81 μs
[18:10:22] [Worker-Main-5/TRACE] [REI] [REIPlugin START] Reloading Section: "reloadable-plugin/DisplaySerializerRegistryImpl/" done in 355.0 μs
[18:10:22] [Worker-Main-5/TRACE] [REI] [REIPlugin START] Reloading Section: "reloadable-plugin/FluidSupportProviderImpl/"
[18:10:22] [Worker-Main-5/TRACE] [REI] [REIPlugin START] Reloading Section: "reloadable-plugin/FluidSupportProviderImpl/DefaultPluginImpl of DefaultPluginImpl [roughlyenoughitems]/"
[18:10:22] [Worker-Main-5/TRACE] [REI] [REIPlugin START] Reloading Section: "reloadable-plugin/FluidSupportProviderImpl/DefaultPluginImpl of DefaultPluginImpl [roughlyenoughitems]/" done in 657.2 μs
[18:10:22] [Worker-Main-5/TRACE] [REI] [REIPlugin START] Reloading Section: "reloadable-plugin/FluidSupportProviderImpl/DefaultRuntimePlugin of DefaultRuntimePlugin [roughlyenoughitems]/"
[18:10:22] [Worker-Main-5/TRACE] [REI] [REIPlugin START] Reloading Section: "reloadable-plugin/FluidSupportProviderImpl/DefaultRuntimePlugin of DefaultRuntimePlugin [roughlyenoughitems]/" done in 63.13 μs
[18:10:22] [Worker-Main-5/TRACE] [REI] [REIPlugin START] Reloading Section: "reloadable-plugin/FluidSupportProviderImpl/" done in 1.031 ms
[18:10:22] [Worker-Main-5/DEBUG] [REI] ========================================
[18:10:22] [Worker-Main-5/DEBUG] [REI] REIPlugin ending main-reload for START.
[18:10:22] [Worker-Main-5/DEBUG] [REI] ========================================
[18:10:22] [Worker-Main-5/TRACE] [REI] [REIPlugin START] Reloading Section: "end-reload/"
[18:10:22] [Worker-Main-5/TRACE] [REI] [REIPlugin START] Reloading Section: "end-reload/EntryTypeRegistryImpl/"
[18:10:22] [Worker-Main-5/TRACE] [REI] [REIPlugin START] Reloading Section: "end-reload/EntryTypeRegistryImpl/" done in 51.61 μs
[18:10:22] [Worker-Main-5/TRACE] [REI] [REIPlugin START] Reloading Section: "end-reload/EntrySettingsAdapterRegistryImpl/"
[18:10:22] [Worker-Main-5/TRACE] [REI] [REIPlugin START] Reloading Section: "end-reload/EntrySettingsAdapterRegistryImpl/" done in 37.90 μs
[18:10:22] [Worker-Main-5/TRACE] [REI] [REIPlugin START] Reloading Section: "end-reload/RecipeManagerContextImpl/"
[18:10:22] [Worker-Main-5/TRACE] [REI] [REIPlugin START] Reloading Section: "end-reload/RecipeManagerContextImpl/" done in 39.25 μs
[18:10:22] [Worker-Main-5/TRACE] [REI] [REIPlugin START] Reloading Section: "end-reload/ItemComparatorRegistryImpl/"
[18:10:22] [Worker-Main-5/TRACE] [REI] [REIPlugin START] Reloading Section: "end-reload/ItemComparatorRegistryImpl/" done in 41.82 μs
[18:10:22] [Worker-Main-5/TRACE] [REI] [REIPlugin START] Reloading Section: "end-reload/FluidComparatorRegistryImpl/"
[18:10:22] [Worker-Main-5/TRACE] [REI] [REIPlugin START] Reloading Section: "end-reload/FluidComparatorRegistryImpl/" done in 37.99 μs
[18:10:22] [Worker-Main-5/TRACE] [REI] [REIPlugin START] Reloading Section: "end-reload/DisplaySerializerRegistryImpl/"
[18:10:22] [Worker-Main-5/TRACE] [REI] [REIPlugin START] Reloading Section: "end-reload/DisplaySerializerRegistryImpl/" done in 38.96 μs
[18:10:22] [Worker-Main-5/TRACE] [REI] [REIPlugin START] Reloading Section: "end-reload/FluidSupportProviderImpl/"
[18:10:22] [Worker-Main-5/TRACE] [REI] [REIPlugin START] Reloading Section: "end-reload/FluidSupportProviderImpl/" done in 28.65 μs
[18:10:22] [Worker-Main-5/TRACE] [REI] [REIPlugin START] Reloading Section: "end-reload/" done in 913.0 μs
[18:10:22] [Worker-Main-5/DEBUG] [REI] ========================================
[18:10:22] [Worker-Main-5/DEBUG] [REI] REIPlugin ended main-reload for START in 19.03 ms.
[18:10:22] [Worker-Main-5/DEBUG] [REI] ========================================
[18:10:22] [Worker-Main-5/INFO] [REI] @@@@@@@@@@@@@@@@@@@@@@@@@@@@@@@@@@@@@@@@
[18:10:22] [Worker-Main-5/INFO] [REI] REIServerPlugin starting main-reload for START.
[18:10:22] [Worker-Main-5/DEBUG] [REI] Reloadables (2):
[18:10:22] [Worker-Main-5/DEBUG] [REI]  - MenuInfoRegistryImpl
[18:10:22] [Worker-Main-5/DEBUG] [REI]  - SlotAccessorRegistryImpl
[18:10:22] [Worker-Main-5/INFO] [REI] Plugins (2):
[18:10:22] [Worker-Main-5/INFO] [REI]  - (-100.00) DefaultPluginImpl of DefaultPluginImpl [roughlyenoughitems]
[18:10:22] [Worker-Main-5/INFO] [REI]  - (0.00) DefaultRuntimePlugin of DefaultRuntimePlugin [roughlyenoughitems]
[18:10:22] [Worker-Main-5/INFO] [REI] @@@@@@@@@@@@@@@@@@@@@@@@@@@@@@@@@@@@@@@@
[18:10:22] [Worker-Main-5/TRACE] [REI] [REIServerPlugin START] Reloading Section: "start-reload/"
[18:10:22] [Worker-Main-5/TRACE] [REI] [REIServerPlugin START] Reloading Section: "start-reload/MenuInfoRegistryImpl/"
[18:10:22] [Worker-Main-5/TRACE] [REI] [REIServerPlugin START] Reloading Section: "start-reload/MenuInfoRegistryImpl/" done in 104.8 μs
[18:10:22] [Worker-Main-5/TRACE] [REI] [REIServerPlugin START] Reloading Section: "start-reload/SlotAccessorRegistryImpl/"
[18:10:22] [Worker-Main-5/TRACE] [REI] [REIServerPlugin START] Reloading Section: "start-reload/SlotAccessorRegistryImpl/" done in 64.41 μs
[18:10:22] [Worker-Main-5/TRACE] [REI] [REIServerPlugin START] Reloading Section: "start-reload/" done in 522.5 μs
[18:10:22] [Worker-Main-5/DEBUG] [REI] ========================================
[18:10:22] [Worker-Main-5/DEBUG] [REI] REIServerPlugin started main-reload for START.
[18:10:22] [Worker-Main-5/DEBUG] [REI] ========================================
[18:10:22] [Worker-Main-5/TRACE] [REI] [REIServerPlugin START] Reloading Section: "reloadable-plugin/MenuInfoRegistryImpl/"
[18:10:22] [Worker-Main-5/TRACE] [REI] [REIServerPlugin START] Reloading Section: "reloadable-plugin/MenuInfoRegistryImpl/DefaultPluginImpl of DefaultPluginImpl [roughlyenoughitems]/"
[18:10:22] [Worker-Main-5/TRACE] [REI] [REIServerPlugin START] Reloading Section: "reloadable-plugin/MenuInfoRegistryImpl/DefaultPluginImpl of DefaultPluginImpl [roughlyenoughitems]/" done in 62.93 μs
[18:10:22] [Worker-Main-5/TRACE] [REI] [REIServerPlugin START] Reloading Section: "reloadable-plugin/MenuInfoRegistryImpl/DefaultRuntimePlugin of DefaultRuntimePlugin [roughlyenoughitems]/"
[18:10:22] [Worker-Main-5/TRACE] [REI] [REIServerPlugin START] Reloading Section: "reloadable-plugin/MenuInfoRegistryImpl/DefaultRuntimePlugin of DefaultRuntimePlugin [roughlyenoughitems]/" done in 64.05 μs
[18:10:22] [Worker-Main-5/TRACE] [REI] [REIServerPlugin START] Reloading Section: "reloadable-plugin/MenuInfoRegistryImpl/" done in 488.0 μs
[18:10:22] [Worker-Main-5/TRACE] [REI] [REIServerPlugin START] Reloading Section: "reloadable-plugin/SlotAccessorRegistryImpl/"
[18:10:22] [Worker-Main-5/TRACE] [REI] [REIServerPlugin START] Reloading Section: "reloadable-plugin/SlotAccessorRegistryImpl/DefaultPluginImpl of DefaultPluginImpl [roughlyenoughitems]/"
[18:10:22] [Worker-Main-5/TRACE] [REI] [REIServerPlugin START] Reloading Section: "reloadable-plugin/SlotAccessorRegistryImpl/DefaultPluginImpl of DefaultPluginImpl [roughlyenoughitems]/" done in 71.83 μs
[18:10:22] [Worker-Main-5/TRACE] [REI] [REIServerPlugin START] Reloading Section: "reloadable-plugin/SlotAccessorRegistryImpl/DefaultRuntimePlugin of DefaultRuntimePlugin [roughlyenoughitems]/"
[18:10:22] [Worker-Main-5/TRACE] [REI] [REIServerPlugin START] Reloading Section: "reloadable-plugin/SlotAccessorRegistryImpl/DefaultRuntimePlugin of DefaultRuntimePlugin [roughlyenoughitems]/" done in 63.90 μs
[18:10:22] [Worker-Main-5/TRACE] [REI] [REIServerPlugin START] Reloading Section: "reloadable-plugin/SlotAccessorRegistryImpl/" done in 465.0 μs
[18:10:22] [Worker-Main-5/DEBUG] [REI] ========================================
[18:10:22] [Worker-Main-5/DEBUG] [REI] REIServerPlugin ending main-reload for START.
[18:10:22] [Worker-Main-5/DEBUG] [REI] ========================================
[18:10:22] [Worker-Main-5/TRACE] [REI] [REIServerPlugin START] Reloading Section: "end-reload/"
[18:10:22] [Worker-Main-5/TRACE] [REI] [REIServerPlugin START] Reloading Section: "end-reload/MenuInfoRegistryImpl/"
[18:10:22] [Worker-Main-5/TRACE] [REI] [REIServerPlugin START] Reloading Section: "end-reload/MenuInfoRegistryImpl/" done in 84.12 μs
[18:10:22] [Worker-Main-5/TRACE] [REI] [REIServerPlugin START] Reloading Section: "end-reload/SlotAccessorRegistryImpl/"
[18:10:22] [Worker-Main-5/TRACE] [REI] [REIServerPlugin START] Reloading Section: "end-reload/SlotAccessorRegistryImpl/" done in 40.44 μs
[18:10:22] [Worker-Main-5/TRACE] [REI] [REIServerPlugin START] Reloading Section: "end-reload/" done in 438.9 μs
[18:10:22] [Worker-Main-5/DEBUG] [REI] ========================================
[18:10:22] [Worker-Main-5/DEBUG] [REI] REIServerPlugin ended main-reload for START in 4.028 ms.
[18:10:22] [Worker-Main-5/DEBUG] [REI] ========================================
[18:10:22] [Worker-Main-5/DEBUG] [REI] ========================================
[18:10:22] [Worker-Main-5/DEBUG] [REI] REIPlugin starting post-reload for START.
[18:10:22] [Worker-Main-5/DEBUG] [REI] Reloadables (7):
[18:10:22] [Worker-Main-5/DEBUG] [REI]  - EntryTypeRegistryImpl
[18:10:22] [Worker-Main-5/DEBUG] [REI]  - EntrySettingsAdapterRegistryImpl
[18:10:22] [Worker-Main-5/DEBUG] [REI]  - RecipeManagerContextImpl
[18:10:22] [Worker-Main-5/DEBUG] [REI]  - ItemComparatorRegistryImpl
[18:10:22] [Worker-Main-5/DEBUG] [REI]  - FluidComparatorRegistryImpl
[18:10:22] [Worker-Main-5/DEBUG] [REI]  - DisplaySerializerRegistryImpl
[18:10:22] [Worker-Main-5/DEBUG] [REI]  - FluidSupportProviderImpl
[18:10:22] [Worker-Main-5/DEBUG] [REI] Plugins (2):
[18:10:22] [Worker-Main-5/DEBUG] [REI]  - (-100.00) DefaultPluginImpl of DefaultPluginImpl [roughlyenoughitems]
[18:10:22] [Worker-Main-5/DEBUG] [REI]  - (0.00) DefaultRuntimePlugin of DefaultRuntimePlugin [roughlyenoughitems]
[18:10:22] [Worker-Main-5/DEBUG] [REI] ========================================
[18:10:22] [Worker-Main-5/TRACE] [REI] [REIPlugin START] Reloading Section: "post-register/"
[18:10:22] [Worker-Main-5/TRACE] [REI] [REIPlugin START] Reloading Section: "post-register/DefaultPluginImpl of DefaultPluginImpl [roughlyenoughitems]/"
[18:10:22] [Worker-Main-5/TRACE] [REI] [REIPlugin START] Reloading Section: "post-register/DefaultPluginImpl of DefaultPluginImpl [roughlyenoughitems]/" done in 561.8 μs
[18:10:22] [Worker-Main-5/TRACE] [REI] [REIPlugin START] Reloading Section: "post-register/DefaultRuntimePlugin of DefaultRuntimePlugin [roughlyenoughitems]/"
[18:10:22] [Worker-Main-5/TRACE] [REI] [REIPlugin START] Reloading Section: "post-register/DefaultRuntimePlugin of DefaultRuntimePlugin [roughlyenoughitems]/" done in 69.88 μs
[18:10:22] [Worker-Main-5/TRACE] [REI] [REIPlugin START] Reloading Section: "post-register/" done in 1.665 ms
[18:10:22] [Worker-Main-5/TRACE] [REI] [REIPlugin START] Reloading Section: "post-stage/"
[18:10:22] [Worker-Main-5/TRACE] [REI] [REIPlugin START] Reloading Section: "post-stage/EntryTypeRegistryImpl/"
[18:10:22] [Worker-Main-5/TRACE] [REI] [REIPlugin START] Reloading Section: "post-stage/EntryTypeRegistryImpl/" done in 99.57 μs
[18:10:22] [Worker-Main-5/TRACE] [REI] [REIPlugin START] Reloading Section: "post-stage/EntrySettingsAdapterRegistryImpl/"
[18:10:22] [Worker-Main-5/TRACE] [REI] [REIPlugin START] Reloading Section: "post-stage/EntrySettingsAdapterRegistryImpl/" done in 74.33 μs
[18:10:22] [Worker-Main-5/TRACE] [REI] [REIPlugin START] Reloading Section: "post-stage/RecipeManagerContextImpl/"
[18:10:22] [Worker-Main-5/TRACE] [REI] [REIPlugin START] Reloading Section: "post-stage/RecipeManagerContextImpl/" done in 57.56 μs
[18:10:22] [Worker-Main-5/TRACE] [REI] [REIPlugin START] Reloading Section: "post-stage/ItemComparatorRegistryImpl/"
[18:10:22] [Worker-Main-5/TRACE] [REI] [REIPlugin START] Reloading Section: "post-stage/ItemComparatorRegistryImpl/" done in 28.51 μs
[18:10:22] [Worker-Main-5/TRACE] [REI] [REIPlugin START] Reloading Section: "post-stage/FluidComparatorRegistryImpl/"
[18:10:22] [Worker-Main-5/TRACE] [REI] [REIPlugin START] Reloading Section: "post-stage/FluidComparatorRegistryImpl/" done in 62.07 μs
[18:10:22] [Worker-Main-5/TRACE] [REI] [REIPlugin START] Reloading Section: "post-stage/DisplaySerializerRegistryImpl/"
[18:10:22] [Worker-Main-5/TRACE] [REI] [REIPlugin START] Reloading Section: "post-stage/DisplaySerializerRegistryImpl/" done in 71.31 μs
[18:10:22] [Worker-Main-5/TRACE] [REI] [REIPlugin START] Reloading Section: "post-stage/FluidSupportProviderImpl/"
[18:10:22] [Worker-Main-5/TRACE] [REI] [REIPlugin START] Reloading Section: "post-stage/FluidSupportProviderImpl/" done in 59.29 μs
[18:10:22] [Worker-Main-5/TRACE] [REI] [REIPlugin START] Reloading Section: "post-stage/" done in 1.449 ms
[18:10:22] [Worker-Main-5/DEBUG] [REI] ========================================
[18:10:22] [Worker-Main-5/INFO] [REI] REIPlugin finished post-reload for START in 3.371 ms, totaling 32.70 ms.
[18:10:22] [Worker-Main-5/DEBUG] [REI] ========================================
[18:10:22] [Worker-Main-5/DEBUG] [REI] ========================================
[18:10:22] [Worker-Main-5/DEBUG] [REI] REIServerPlugin starting post-reload for START.
[18:10:22] [Worker-Main-5/DEBUG] [REI] Reloadables (2):
[18:10:22] [Worker-Main-5/DEBUG] [REI]  - MenuInfoRegistryImpl
[18:10:22] [Worker-Main-5/DEBUG] [REI]  - SlotAccessorRegistryImpl
[18:10:22] [Worker-Main-5/DEBUG] [REI] Plugins (2):
[18:10:22] [Worker-Main-5/DEBUG] [REI]  - (-100.00) DefaultPluginImpl of DefaultPluginImpl [roughlyenoughitems]
[18:10:22] [Worker-Main-5/DEBUG] [REI]  - (0.00) DefaultRuntimePlugin of DefaultRuntimePlugin [roughlyenoughitems]
[18:10:22] [Worker-Main-5/DEBUG] [REI] ========================================
[18:10:22] [Worker-Main-5/TRACE] [REI] [REIServerPlugin START] Reloading Section: "post-register/"
[18:10:22] [Worker-Main-5/TRACE] [REI] [REIServerPlugin START] Reloading Section: "post-register/DefaultPluginImpl of DefaultPluginImpl [roughlyenoughitems]/"
[18:10:22] [Worker-Main-5/TRACE] [REI] [REIServerPlugin START] Reloading Section: "post-register/DefaultPluginImpl of DefaultPluginImpl [roughlyenoughitems]/" done in 107.4 μs
[18:10:22] [Worker-Main-5/TRACE] [REI] [REIServerPlugin START] Reloading Section: "post-register/DefaultRuntimePlugin of DefaultRuntimePlugin [roughlyenoughitems]/"
[18:10:22] [Worker-Main-5/TRACE] [REI] [REIServerPlugin START] Reloading Section: "post-register/DefaultRuntimePlugin of DefaultRuntimePlugin [roughlyenoughitems]/" done in 73.28 μs
[18:10:22] [Worker-Main-5/TRACE] [REI] [REIServerPlugin START] Reloading Section: "post-register/" done in 526.1 μs
[18:10:22] [Worker-Main-5/TRACE] [REI] [REIServerPlugin START] Reloading Section: "post-stage/"
[18:10:22] [Worker-Main-5/TRACE] [REI] [REIServerPlugin START] Reloading Section: "post-stage/MenuInfoRegistryImpl/"
[18:10:22] [Worker-Main-5/TRACE] [REI] [REIServerPlugin START] Reloading Section: "post-stage/MenuInfoRegistryImpl/" done in 30.34 μs
[18:10:22] [Worker-Main-5/TRACE] [REI] [REIServerPlugin START] Reloading Section: "post-stage/SlotAccessorRegistryImpl/"
[18:10:22] [Worker-Main-5/TRACE] [REI] [REIServerPlugin START] Reloading Section: "post-stage/SlotAccessorRegistryImpl/" done in 71.74 μs
[18:10:22] [Worker-Main-5/TRACE] [REI] [REIServerPlugin START] Reloading Section: "post-stage/" done in 415.8 μs
[18:10:22] [Worker-Main-5/DEBUG] [REI] ========================================
[18:10:22] [Worker-Main-5/INFO] [REI] REIServerPlugin finished post-reload for START in 1.189 ms, totaling 5.832 ms.
[18:10:22] [Worker-Main-5/DEBUG] [REI] ========================================
[18:10:22] [Worker-Main-5/DEBUG] [REI] ========================================
[18:10:22] [Worker-Main-5/DEBUG] [REI] REIPlugin starting pre-reload for END.
[18:10:22] [Worker-Main-5/DEBUG] [REI] Reloadables (7):
[18:10:22] [Worker-Main-5/DEBUG] [REI]  - EntryTypeRegistryImpl
[18:10:22] [Worker-Main-5/DEBUG] [REI]  - EntrySettingsAdapterRegistryImpl
[18:10:22] [Worker-Main-5/DEBUG] [REI]  - RecipeManagerContextImpl
[18:10:22] [Worker-Main-5/DEBUG] [REI]  - ItemComparatorRegistryImpl
[18:10:22] [Worker-Main-5/DEBUG] [REI]  - FluidComparatorRegistryImpl
[18:10:22] [Worker-Main-5/DEBUG] [REI]  - DisplaySerializerRegistryImpl
[18:10:22] [Worker-Main-5/DEBUG] [REI]  - FluidSupportProviderImpl
[18:10:22] [Worker-Main-5/DEBUG] [REI] Plugins (2):
[18:10:22] [Worker-Main-5/DEBUG] [REI]  - (-100.00) DefaultPluginImpl of DefaultPluginImpl [roughlyenoughitems]
[18:10:22] [Worker-Main-5/DEBUG] [REI]  - (0.00) DefaultRuntimePlugin of DefaultRuntimePlugin [roughlyenoughitems]
[18:10:22] [Worker-Main-5/DEBUG] [REI] ========================================
[18:10:22] [Worker-Main-5/TRACE] [REI] [REIPlugin END] Reloading Section: "pre-register/"
[18:10:22] [Worker-Main-5/TRACE] [REI] [REIPlugin END] Reloading Section: "pre-register/DefaultPluginImpl of DefaultPluginImpl [roughlyenoughitems]/"
[18:10:22] [Worker-Main-5/TRACE] [REI] [REIPlugin END] Reloading Section: "pre-register/DefaultPluginImpl of DefaultPluginImpl [roughlyenoughitems]/" done in 59.10 μs
[18:10:22] [Worker-Main-5/TRACE] [REI] [REIPlugin END] Reloading Section: "pre-register/DefaultRuntimePlugin of DefaultRuntimePlugin [roughlyenoughitems]/"
[18:10:22] [Worker-Main-5/TRACE] [REI] [REIPlugin END] Reloading Section: "pre-register/DefaultRuntimePlugin of DefaultRuntimePlugin [roughlyenoughitems]/" done in 59.91 μs
[18:10:22] [Worker-Main-5/TRACE] [REI] [REIPlugin END] Reloading Section: "pre-register/" done in 459.6 μs
[18:10:22] [Worker-Main-5/TRACE] [REI] [REIPlugin END] Reloading Section: "pre-stage/"
[18:10:22] [Worker-Main-5/TRACE] [REI] [REIPlugin END] Reloading Section: "pre-stage/EntryTypeRegistryImpl/"
[18:10:22] [Worker-Main-5/TRACE] [REI] [REIPlugin END] Reloading Section: "pre-stage/EntryTypeRegistryImpl/" done in 68.82 μs
[18:10:22] [Worker-Main-5/TRACE] [REI] [REIPlugin END] Reloading Section: "pre-stage/EntrySettingsAdapterRegistryImpl/"
[18:10:22] [Worker-Main-5/TRACE] [REI] [REIPlugin END] Reloading Section: "pre-stage/EntrySettingsAdapterRegistryImpl/" done in 56.33 μs
[18:10:22] [Worker-Main-5/TRACE] [REI] [REIPlugin END] Reloading Section: "pre-stage/RecipeManagerContextImpl/"
[18:10:22] [Worker-Main-5/TRACE] [REI] [REIPlugin END] Reloading Section: "pre-stage/RecipeManagerContextImpl/" done in 31.62 μs
[18:10:22] [Worker-Main-5/TRACE] [REI] [REIPlugin END] Reloading Section: "pre-stage/ItemComparatorRegistryImpl/"
[18:10:22] [Worker-Main-5/TRACE] [REI] [REIPlugin END] Reloading Section: "pre-stage/ItemComparatorRegistryImpl/" done in 27.79 μs
[18:10:22] [Worker-Main-5/TRACE] [REI] [REIPlugin END] Reloading Section: "pre-stage/FluidComparatorRegistryImpl/"
[18:10:22] [Worker-Main-5/TRACE] [REI] [REIPlugin END] Reloading Section: "pre-stage/FluidComparatorRegistryImpl/" done in 27.44 μs
[18:10:22] [Worker-Main-5/TRACE] [REI] [REIPlugin END] Reloading Section: "pre-stage/DisplaySerializerRegistryImpl/"
[18:10:22] [Worker-Main-5/TRACE] [REI] [REIPlugin END] Reloading Section: "pre-stage/DisplaySerializerRegistryImpl/" done in 25.00 μs
[18:10:22] [Worker-Main-5/TRACE] [REI] [REIPlugin END] Reloading Section: "pre-stage/FluidSupportProviderImpl/"
[18:10:22] [Worker-Main-5/TRACE] [REI] [REIPlugin END] Reloading Section: "pre-stage/FluidSupportProviderImpl/" done in 24.16 μs
[18:10:22] [Worker-Main-5/TRACE] [REI] [REIPlugin END] Reloading Section: "pre-stage/" done in 888.5 μs
[18:10:22] [Worker-Main-5/DEBUG] [REI] ========================================
[18:10:22] [Worker-Main-5/DEBUG] [REI] REIPlugin finished pre-reload for END in 1.516 ms.
[18:10:22] [Worker-Main-5/DEBUG] [REI] ========================================
[18:10:22] [Worker-Main-5/DEBUG] [REI] ========================================
[18:10:22] [Worker-Main-5/DEBUG] [REI] REIServerPlugin starting pre-reload for END.
[18:10:22] [Worker-Main-5/DEBUG] [REI] Reloadables (2):
[18:10:22] [Worker-Main-5/DEBUG] [REI]  - MenuInfoRegistryImpl
[18:10:22] [Worker-Main-5/DEBUG] [REI]  - SlotAccessorRegistryImpl
[18:10:22] [Worker-Main-5/DEBUG] [REI] Plugins (2):
[18:10:22] [Worker-Main-5/DEBUG] [REI]  - (-100.00) DefaultPluginImpl of DefaultPluginImpl [roughlyenoughitems]
[18:10:22] [Worker-Main-5/DEBUG] [REI]  - (0.00) DefaultRuntimePlugin of DefaultRuntimePlugin [roughlyenoughitems]
[18:10:22] [Worker-Main-5/DEBUG] [REI] ========================================
[18:10:22] [Worker-Main-5/TRACE] [REI] [REIServerPlugin END] Reloading Section: "pre-register/"
[18:10:22] [Worker-Main-5/TRACE] [REI] [REIServerPlugin END] Reloading Section: "pre-register/DefaultPluginImpl of DefaultPluginImpl [roughlyenoughitems]/"
[18:10:22] [Worker-Main-5/TRACE] [REI] [REIServerPlugin END] Reloading Section: "pre-register/DefaultPluginImpl of DefaultPluginImpl [roughlyenoughitems]/" done in 23.74 μs
[18:10:22] [Worker-Main-5/TRACE] [REI] [REIServerPlugin END] Reloading Section: "pre-register/DefaultRuntimePlugin of DefaultRuntimePlugin [roughlyenoughitems]/"
[18:10:22] [Worker-Main-5/TRACE] [REI] [REIServerPlugin END] Reloading Section: "pre-register/DefaultRuntimePlugin of DefaultRuntimePlugin [roughlyenoughitems]/" done in 25.83 μs
[18:10:22] [Worker-Main-5/TRACE] [REI] [REIServerPlugin END] Reloading Section: "pre-register/" done in 188.8 μs
[18:10:22] [Worker-Main-5/TRACE] [REI] [REIServerPlugin END] Reloading Section: "pre-stage/"
[18:10:22] [Worker-Main-5/TRACE] [REI] [REIServerPlugin END] Reloading Section: "pre-stage/MenuInfoRegistryImpl/"
[18:10:22] [Worker-Main-5/TRACE] [REI] [REIServerPlugin END] Reloading Section: "pre-stage/MenuInfoRegistryImpl/" done in 31.76 μs
[18:10:22] [Worker-Main-5/TRACE] [REI] [REIServerPlugin END] Reloading Section: "pre-stage/SlotAccessorRegistryImpl/"
[18:10:22] [Worker-Main-5/TRACE] [REI] [REIServerPlugin END] Reloading Section: "pre-stage/SlotAccessorRegistryImpl/" done in 26.23 μs
[18:10:22] [Worker-Main-5/TRACE] [REI] [REIServerPlugin END] Reloading Section: "pre-stage/" done in 213.7 μs
[18:10:22] [Worker-Main-5/DEBUG] [REI] ========================================
[18:10:22] [Worker-Main-5/DEBUG] [REI] REIServerPlugin finished pre-reload for END in 507.5 μs.
[18:10:22] [Worker-Main-5/DEBUG] [REI] ========================================
[18:10:22] [Worker-Main-5/INFO] [REI] ****************************************
[18:10:22] [Worker-Main-5/INFO] [REI] REIPlugin starting main-reload for END.
[18:10:22] [Worker-Main-5/DEBUG] [REI] Reloadables (7):
[18:10:22] [Worker-Main-5/DEBUG] [REI]  - EntryTypeRegistryImpl
[18:10:22] [Worker-Main-5/DEBUG] [REI]  - EntrySettingsAdapterRegistryImpl
[18:10:22] [Worker-Main-5/DEBUG] [REI]  - RecipeManagerContextImpl
[18:10:22] [Worker-Main-5/DEBUG] [REI]  - ItemComparatorRegistryImpl
[18:10:22] [Worker-Main-5/DEBUG] [REI]  - FluidComparatorRegistryImpl
[18:10:22] [Worker-Main-5/DEBUG] [REI]  - DisplaySerializerRegistryImpl
[18:10:22] [Worker-Main-5/DEBUG] [REI]  - FluidSupportProviderImpl
[18:10:22] [Worker-Main-5/INFO] [REI] Plugins (2):
[18:10:22] [Worker-Main-5/INFO] [REI]  - (-100.00) DefaultPluginImpl of DefaultPluginImpl [roughlyenoughitems]
[18:10:22] [Worker-Main-5/INFO] [REI]  - (0.00) DefaultRuntimePlugin of DefaultRuntimePlugin [roughlyenoughitems]
[18:10:22] [Worker-Main-5/INFO] [REI] ****************************************
[18:10:22] [Worker-Main-5/TRACE] [REI] [REIPlugin END] Reloading Section: "start-reload/"
[18:10:22] [Worker-Main-5/TRACE] [REI] [REIPlugin END] Reloading Section: "start-reload/EntryTypeRegistryImpl/"
[18:10:22] [Worker-Main-5/TRACE] [REI] [REIPlugin END] Reloading Section: "start-reload/EntryTypeRegistryImpl/" done in 67.91 μs
[18:10:22] [Worker-Main-5/TRACE] [REI] [REIPlugin END] Reloading Section: "start-reload/EntrySettingsAdapterRegistryImpl/"
[18:10:22] [Worker-Main-5/TRACE] [REI] [REIPlugin END] Reloading Section: "start-reload/EntrySettingsAdapterRegistryImpl/" done in 81.53 μs
[18:10:22] [Worker-Main-5/TRACE] [REI] [REIPlugin END] Reloading Section: "start-reload/RecipeManagerContextImpl/"
[18:10:22] [Worker-Main-5/TRACE] [REI] [REIPlugin END] Reloading Section: "start-reload/RecipeManagerContextImpl/" done in 67.30 μs
[18:10:22] [Worker-Main-5/TRACE] [REI] [REIPlugin END] Reloading Section: "start-reload/ItemComparatorRegistryImpl/"
[18:10:22] [Worker-Main-5/TRACE] [REI] [REIPlugin END] Reloading Section: "start-reload/ItemComparatorRegistryImpl/" done in 66.31 μs
[18:10:22] [Worker-Main-5/TRACE] [REI] [REIPlugin END] Reloading Section: "start-reload/FluidComparatorRegistryImpl/"
[18:10:22] [Worker-Main-5/TRACE] [REI] [REIPlugin END] Reloading Section: "start-reload/FluidComparatorRegistryImpl/" done in 65.09 μs
[18:10:22] [Worker-Main-5/TRACE] [REI] [REIPlugin END] Reloading Section: "start-reload/DisplaySerializerRegistryImpl/"
[18:10:22] [Worker-Main-5/TRACE] [REI] [REIPlugin END] Reloading Section: "start-reload/DisplaySerializerRegistryImpl/" done in 77.48 μs
[18:10:22] [Worker-Main-5/TRACE] [REI] [REIPlugin END] Reloading Section: "start-reload/FluidSupportProviderImpl/"
[18:10:22] [Worker-Main-5/TRACE] [REI] [REIPlugin END] Reloading Section: "start-reload/FluidSupportProviderImpl/" done in 67.25 μs
[18:10:22] [Worker-Main-5/TRACE] [REI] [REIPlugin END] Reloading Section: "start-reload/" done in 1.472 ms
[18:10:22] [Worker-Main-5/DEBUG] [REI] ========================================
[18:10:22] [Worker-Main-5/DEBUG] [REI] REIPlugin started main-reload for END.
[18:10:22] [Worker-Main-5/DEBUG] [REI] ========================================
[18:10:22] [Worker-Main-5/TRACE] [REI] [REIPlugin END] Reloading Section: "reloadable-plugin/EntryTypeRegistryImpl/"
[18:10:22] [Worker-Main-5/TRACE] [REI] [REIPlugin END] Reloading Section: "reloadable-plugin/EntryTypeRegistryImpl/DefaultPluginImpl of DefaultPluginImpl [roughlyenoughitems]/"
[18:10:22] [Worker-Main-5/TRACE] [REI] [REIPlugin END] Reloading Section: "reloadable-plugin/EntryTypeRegistryImpl/DefaultPluginImpl of DefaultPluginImpl [roughlyenoughitems]/" done in 90.43 μs
[18:10:22] [Worker-Main-5/TRACE] [REI] [REIPlugin END] Reloading Section: "reloadable-plugin/EntryTypeRegistryImpl/DefaultRuntimePlugin of DefaultRuntimePlugin [roughlyenoughitems]/"
[18:10:22] [Worker-Main-5/TRACE] [REI] [REIPlugin END] Reloading Section: "reloadable-plugin/EntryTypeRegistryImpl/DefaultRuntimePlugin of DefaultRuntimePlugin [roughlyenoughitems]/" done in 76.27 μs
[18:10:22] [Worker-Main-5/TRACE] [REI] [REIPlugin END] Reloading Section: "reloadable-plugin/EntryTypeRegistryImpl/" done in 571.1 μs
[18:10:22] [Worker-Main-5/TRACE] [REI] [REIPlugin END] Reloading Section: "reloadable-plugin/EntrySettingsAdapterRegistryImpl/"
[18:10:22] [Worker-Main-5/TRACE] [REI] [REIPlugin END] Reloading Section: "reloadable-plugin/EntrySettingsAdapterRegistryImpl/DefaultPluginImpl of DefaultPluginImpl [roughlyenoughitems]/"
[18:10:22] [Worker-Main-5/TRACE] [REI] [REIPlugin END] Reloading Section: "reloadable-plugin/EntrySettingsAdapterRegistryImpl/DefaultPluginImpl of DefaultPluginImpl [roughlyenoughitems]/" done in 78.10 μs
[18:10:22] [Worker-Main-5/TRACE] [REI] [REIPlugin END] Reloading Section: "reloadable-plugin/EntrySettingsAdapterRegistryImpl/DefaultRuntimePlugin of DefaultRuntimePlugin [roughlyenoughitems]/"
[18:10:22] [Worker-Main-5/TRACE] [REI] [REIPlugin END] Reloading Section: "reloadable-plugin/EntrySettingsAdapterRegistryImpl/DefaultRuntimePlugin of DefaultRuntimePlugin [roughlyenoughitems]/" done in 75.64 μs
[18:10:22] [Worker-Main-5/TRACE] [REI] [REIPlugin END] Reloading Section: "reloadable-plugin/EntrySettingsAdapterRegistryImpl/" done in 535.7 μs
[18:10:22] [Worker-Main-5/TRACE] [REI] [REIPlugin END] Reloading Section: "reloadable-plugin/RecipeManagerContextImpl/"
[18:10:22] [Worker-Main-5/TRACE] [REI] [REIPlugin END] Reloading Section: "reloadable-plugin/RecipeManagerContextImpl/DefaultPluginImpl of DefaultPluginImpl [roughlyenoughitems]/"
[18:10:22] [Worker-Main-5/TRACE] [REI] [REIPlugin END] Reloading Section: "reloadable-plugin/RecipeManagerContextImpl/DefaultPluginImpl of DefaultPluginImpl [roughlyenoughitems]/" done in 72.71 μs
[18:10:22] [Worker-Main-5/TRACE] [REI] [REIPlugin END] Reloading Section: "reloadable-plugin/RecipeManagerContextImpl/DefaultRuntimePlugin of DefaultRuntimePlugin [roughlyenoughitems]/"
[18:10:22] [Worker-Main-5/TRACE] [REI] [REIPlugin END] Reloading Section: "reloadable-plugin/RecipeManagerContextImpl/DefaultRuntimePlugin of DefaultRuntimePlugin [roughlyenoughitems]/" done in 70.46 μs
[18:10:22] [Worker-Main-5/TRACE] [REI] [REIPlugin END] Reloading Section: "reloadable-plugin/RecipeManagerContextImpl/" done in 482.6 μs
[18:10:22] [Worker-Main-5/TRACE] [REI] [REIPlugin END] Reloading Section: "reloadable-plugin/ItemComparatorRegistryImpl/"
[18:10:22] [Worker-Main-5/TRACE] [REI] [REIPlugin END] Reloading Section: "reloadable-plugin/ItemComparatorRegistryImpl/DefaultPluginImpl of DefaultPluginImpl [roughlyenoughitems]/"
[18:10:22] [Worker-Main-5/TRACE] [REI] [REIPlugin END] Reloading Section: "reloadable-plugin/ItemComparatorRegistryImpl/DefaultPluginImpl of DefaultPluginImpl [roughlyenoughitems]/" done in 96.56 μs
[18:10:22] [Worker-Main-5/TRACE] [REI] [REIPlugin END] Reloading Section: "reloadable-plugin/ItemComparatorRegistryImpl/DefaultRuntimePlugin of DefaultRuntimePlugin [roughlyenoughitems]/"
[18:10:22] [Worker-Main-5/TRACE] [REI] [REIPlugin END] Reloading Section: "reloadable-plugin/ItemComparatorRegistryImpl/DefaultRuntimePlugin of DefaultRuntimePlugin [roughlyenoughitems]/" done in 71.38 μs
[18:10:22] [Worker-Main-5/TRACE] [REI] [REIPlugin END] Reloading Section: "reloadable-plugin/ItemComparatorRegistryImpl/" done in 514.3 μs
[18:10:22] [Worker-Main-5/TRACE] [REI] [REIPlugin END] Reloading Section: "reloadable-plugin/FluidComparatorRegistryImpl/"
[18:10:22] [Worker-Main-5/TRACE] [REI] [REIPlugin END] Reloading Section: "reloadable-plugin/FluidComparatorRegistryImpl/DefaultPluginImpl of DefaultPluginImpl [roughlyenoughitems]/"
[18:10:22] [Worker-Main-5/TRACE] [REI] [REIPlugin END] Reloading Section: "reloadable-plugin/FluidComparatorRegistryImpl/DefaultPluginImpl of DefaultPluginImpl [roughlyenoughitems]/" done in 71.23 μs
[18:10:22] [Worker-Main-5/TRACE] [REI] [REIPlugin END] Reloading Section: "reloadable-plugin/FluidComparatorRegistryImpl/DefaultRuntimePlugin of DefaultRuntimePlugin [roughlyenoughitems]/"
[18:10:22] [Worker-Main-5/TRACE] [REI] [REIPlugin END] Reloading Section: "reloadable-plugin/FluidComparatorRegistryImpl/DefaultRuntimePlugin of DefaultRuntimePlugin [roughlyenoughitems]/" done in 71.10 μs
[18:10:22] [Worker-Main-5/TRACE] [REI] [REIPlugin END] Reloading Section: "reloadable-plugin/FluidComparatorRegistryImpl/" done in 464.9 μs
[18:10:22] [Worker-Main-5/TRACE] [REI] [REIPlugin END] Reloading Section: "reloadable-plugin/DisplaySerializerRegistryImpl/"
[18:10:22] [Worker-Main-5/TRACE] [REI] [REIPlugin END] Reloading Section: "reloadable-plugin/DisplaySerializerRegistryImpl/DefaultPluginImpl of DefaultPluginImpl [roughlyenoughitems]/"
[18:10:22] [Worker-Main-5/TRACE] [REI] [REIPlugin END] Reloading Section: "reloadable-plugin/DisplaySerializerRegistryImpl/DefaultPluginImpl of DefaultPluginImpl [roughlyenoughitems]/" done in 19.38 ms
[18:10:22] [Worker-Main-5/TRACE] [REI] [REIPlugin END] Reloading Section: "reloadable-plugin/DisplaySerializerRegistryImpl/DefaultRuntimePlugin of DefaultRuntimePlugin [roughlyenoughitems]/"
[18:10:22] [Worker-Main-5/TRACE] [REI] [REIPlugin END] Reloading Section: "reloadable-plugin/DisplaySerializerRegistryImpl/DefaultRuntimePlugin of DefaultRuntimePlugin [roughlyenoughitems]/" done in 60.54 μs
[18:10:22] [Worker-Main-5/TRACE] [REI] [REIPlugin END] Reloading Section: "reloadable-plugin/DisplaySerializerRegistryImpl/" done in 19.79 ms
[18:10:22] [Worker-Main-5/TRACE] [REI] [REIPlugin END] Reloading Section: "reloadable-plugin/FluidSupportProviderImpl/"
[18:10:22] [Worker-Main-5/TRACE] [REI] [REIPlugin END] Reloading Section: "reloadable-plugin/FluidSupportProviderImpl/DefaultPluginImpl of DefaultPluginImpl [roughlyenoughitems]/"
[18:10:22] [Worker-Main-5/TRACE] [REI] [REIPlugin END] Reloading Section: "reloadable-plugin/FluidSupportProviderImpl/DefaultPluginImpl of DefaultPluginImpl [roughlyenoughitems]/" done in 48.96 μs
[18:10:22] [Worker-Main-5/TRACE] [REI] [REIPlugin END] Reloading Section: "reloadable-plugin/FluidSupportProviderImpl/DefaultRuntimePlugin of DefaultRuntimePlugin [roughlyenoughitems]/"
[18:10:22] [Worker-Main-5/TRACE] [REI] [REIPlugin END] Reloading Section: "reloadable-plugin/FluidSupportProviderImpl/DefaultRuntimePlugin of DefaultRuntimePlugin [roughlyenoughitems]/" done in 54.83 μs
[18:10:22] [Worker-Main-5/TRACE] [REI] [REIPlugin END] Reloading Section: "reloadable-plugin/FluidSupportProviderImpl/" done in 348.7 μs
[18:10:22] [Worker-Main-5/DEBUG] [REI] ========================================
[18:10:22] [Worker-Main-5/DEBUG] [REI] REIPlugin ending main-reload for END.
[18:10:22] [Worker-Main-5/DEBUG] [REI] ========================================
[18:10:22] [Worker-Main-5/TRACE] [REI] [REIPlugin END] Reloading Section: "end-reload/"
[18:10:22] [Worker-Main-5/TRACE] [REI] [REIPlugin END] Reloading Section: "end-reload/EntryTypeRegistryImpl/"
[18:10:22] [Worker-Main-5/TRACE] [REI] [REIPlugin END] Reloading Section: "end-reload/EntryTypeRegistryImpl/" done in 33.00 μs
[18:10:22] [Worker-Main-5/TRACE] [REI] [REIPlugin END] Reloading Section: "end-reload/EntrySettingsAdapterRegistryImpl/"
[18:10:22] [Worker-Main-5/TRACE] [REI] [REIPlugin END] Reloading Section: "end-reload/EntrySettingsAdapterRegistryImpl/" done in 33.25 μs
[18:10:22] [Worker-Main-5/TRACE] [REI] [REIPlugin END] Reloading Section: "end-reload/RecipeManagerContextImpl/"
[18:10:22] [Worker-Main-5/TRACE] [REI] [REIPlugin END] Reloading Section: "end-reload/RecipeManagerContextImpl/" done in 34.83 μs
[18:10:22] [Worker-Main-5/TRACE] [REI] [REIPlugin END] Reloading Section: "end-reload/ItemComparatorRegistryImpl/"
[18:10:22] [Worker-Main-5/TRACE] [REI] [REIPlugin END] Reloading Section: "end-reload/ItemComparatorRegistryImpl/" done in 61.52 μs
[18:10:22] [Worker-Main-5/TRACE] [REI] [REIPlugin END] Reloading Section: "end-reload/FluidComparatorRegistryImpl/"
[18:10:22] [Worker-Main-5/TRACE] [REI] [REIPlugin END] Reloading Section: "end-reload/FluidComparatorRegistryImpl/" done in 39.92 μs
[18:10:22] [Worker-Main-5/TRACE] [REI] [REIPlugin END] Reloading Section: "end-reload/DisplaySerializerRegistryImpl/"
[18:10:22] [Worker-Main-5/TRACE] [REI] [REIPlugin END] Reloading Section: "end-reload/DisplaySerializerRegistryImpl/" done in 48.54 μs
[18:10:22] [Worker-Main-5/TRACE] [REI] [REIPlugin END] Reloading Section: "end-reload/FluidSupportProviderImpl/"
[18:10:22] [Worker-Main-5/TRACE] [REI] [REIPlugin END] Reloading Section: "end-reload/FluidSupportProviderImpl/" done in 45.15 μs
[18:10:22] [Worker-Main-5/TRACE] [REI] [REIPlugin END] Reloading Section: "end-reload/" done in 914.6 μs
[18:10:22] [Worker-Main-5/DEBUG] [REI] ========================================
[18:10:22] [Worker-Main-5/DEBUG] [REI] REIPlugin ended main-reload for END in 28.78 ms.
[18:10:22] [Worker-Main-5/DEBUG] [REI] ========================================
[18:10:22] [Worker-Main-5/INFO] [REI] ########################################
[18:10:22] [Worker-Main-5/INFO] [REI] REIServerPlugin starting main-reload for END.
[18:10:22] [Worker-Main-5/DEBUG] [REI] Reloadables (2):
[18:10:22] [Worker-Main-5/DEBUG] [REI]  - MenuInfoRegistryImpl
[18:10:22] [Worker-Main-5/DEBUG] [REI]  - SlotAccessorRegistryImpl
[18:10:22] [Worker-Main-5/INFO] [REI] Plugins (2):
[18:10:22] [Worker-Main-5/INFO] [REI]  - (-100.00) DefaultPluginImpl of DefaultPluginImpl [roughlyenoughitems]
[18:10:22] [Worker-Main-5/INFO] [REI]  - (0.00) DefaultRuntimePlugin of DefaultRuntimePlugin [roughlyenoughitems]
[18:10:22] [Worker-Main-5/INFO] [REI] ########################################
[18:10:22] [Worker-Main-5/TRACE] [REI] [REIServerPlugin END] Reloading Section: "start-reload/"
[18:10:22] [Worker-Main-5/TRACE] [REI] [REIServerPlugin END] Reloading Section: "start-reload/MenuInfoRegistryImpl/"
[18:10:22] [Worker-Main-5/TRACE] [REI] [REIServerPlugin END] Reloading Section: "start-reload/MenuInfoRegistryImpl/" done in 56.31 μs
[18:10:22] [Worker-Main-5/TRACE] [REI] [REIServerPlugin END] Reloading Section: "start-reload/SlotAccessorRegistryImpl/"
[18:10:22] [Worker-Main-5/TRACE] [REI] [REIServerPlugin END] Reloading Section: "start-reload/SlotAccessorRegistryImpl/" done in 54.64 μs
[18:10:22] [Worker-Main-5/TRACE] [REI] [REIServerPlugin END] Reloading Section: "start-reload/" done in 376.8 μs
[18:10:22] [Worker-Main-5/DEBUG] [REI] ========================================
[18:10:22] [Worker-Main-5/DEBUG] [REI] REIServerPlugin started main-reload for END.
[18:10:22] [Worker-Main-5/DEBUG] [REI] ========================================
[18:10:22] [Worker-Main-5/TRACE] [REI] [REIServerPlugin END] Reloading Section: "reloadable-plugin/MenuInfoRegistryImpl/"
[18:10:22] [Worker-Main-5/TRACE] [REI] [REIServerPlugin END] Reloading Section: "reloadable-plugin/MenuInfoRegistryImpl/DefaultPluginImpl of DefaultPluginImpl [roughlyenoughitems]/"
[18:10:22] [Worker-Main-5/TRACE] [REI] [REIServerPlugin END] Reloading Section: "reloadable-plugin/MenuInfoRegistryImpl/DefaultPluginImpl of DefaultPluginImpl [roughlyenoughitems]/" done in 53.23 μs
[18:10:22] [Worker-Main-5/TRACE] [REI] [REIServerPlugin END] Reloading Section: "reloadable-plugin/MenuInfoRegistryImpl/DefaultRuntimePlugin of DefaultRuntimePlugin [roughlyenoughitems]/"
[18:10:22] [Worker-Main-5/TRACE] [REI] [REIServerPlugin END] Reloading Section: "reloadable-plugin/MenuInfoRegistryImpl/DefaultRuntimePlugin of DefaultRuntimePlugin [roughlyenoughitems]/" done in 75.55 μs
[18:10:22] [Worker-Main-5/TRACE] [REI] [REIServerPlugin END] Reloading Section: "reloadable-plugin/MenuInfoRegistryImpl/" done in 338.5 μs
[18:10:22] [Worker-Main-5/TRACE] [REI] [REIServerPlugin END] Reloading Section: "reloadable-plugin/SlotAccessorRegistryImpl/"
[18:10:22] [Worker-Main-5/TRACE] [REI] [REIServerPlugin END] Reloading Section: "reloadable-plugin/SlotAccessorRegistryImpl/DefaultPluginImpl of DefaultPluginImpl [roughlyenoughitems]/"
[18:10:22] [Worker-Main-5/TRACE] [REI] [REIServerPlugin END] Reloading Section: "reloadable-plugin/SlotAccessorRegistryImpl/DefaultPluginImpl of DefaultPluginImpl [roughlyenoughitems]/" done in 62.99 μs
[18:10:22] [Worker-Main-5/TRACE] [REI] [REIServerPlugin END] Reloading Section: "reloadable-plugin/SlotAccessorRegistryImpl/DefaultRuntimePlugin of DefaultRuntimePlugin [roughlyenoughitems]/"
[18:10:22] [Worker-Main-5/DEBUG] [REI] Added slot accessor serializer: me.shedaniel.rei.plugin.common.runtime.DefaultRuntimePlugin$1@6c939e2 [roughlyenoughitems:vanilla]
[18:10:22] [Worker-Main-5/DEBUG] [REI] Added slot accessor serializer: me.shedaniel.rei.plugin.common.runtime.DefaultRuntimePlugin$2@6e5fcf40 [roughlyenoughitems:player]
[18:10:22] [Worker-Main-5/TRACE] [REI] [REIServerPlugin END] Reloading Section: "reloadable-plugin/SlotAccessorRegistryImpl/DefaultRuntimePlugin of DefaultRuntimePlugin [roughlyenoughitems]/" done in 2.245 ms
[18:10:22] [Worker-Main-5/TRACE] [REI] [REIServerPlugin END] Reloading Section: "reloadable-plugin/SlotAccessorRegistryImpl/" done in 2.595 ms
[18:10:22] [Worker-Main-5/DEBUG] [REI] ========================================
[18:10:22] [Worker-Main-5/DEBUG] [REI] REIServerPlugin ending main-reload for END.
[18:10:22] [Worker-Main-5/DEBUG] [REI] ========================================
[18:10:22] [Worker-Main-5/TRACE] [REI] [REIServerPlugin END] Reloading Section: "end-reload/"
[18:10:22] [Worker-Main-5/TRACE] [REI] [REIServerPlugin END] Reloading Section: "end-reload/MenuInfoRegistryImpl/"
[18:10:22] [Worker-Main-5/DEBUG] [REI] Registered 0 menu infos
[18:10:22] [Worker-Main-5/TRACE] [REI] [REIServerPlugin END] Reloading Section: "end-reload/MenuInfoRegistryImpl/" done in 192.8 μs
[18:10:22] [Worker-Main-5/TRACE] [REI] [REIServerPlugin END] Reloading Section: "end-reload/SlotAccessorRegistryImpl/"
[18:10:22] [Worker-Main-5/DEBUG] [REI] Registered 2 slot accessor serializers
[18:10:22] [Worker-Main-5/TRACE] [REI] [REIServerPlugin END] Reloading Section: "end-reload/SlotAccessorRegistryImpl/" done in 131.5 μs
[18:10:22] [Worker-Main-5/TRACE] [REI] [REIServerPlugin END] Reloading Section: "end-reload/" done in 550.2 μs
[18:10:22] [Worker-Main-5/DEBUG] [REI] ========================================
[18:10:22] [Worker-Main-5/DEBUG] [REI] REIServerPlugin ended main-reload for END in 5.722 ms.
[18:10:22] [Worker-Main-5/DEBUG] [REI] ========================================
[18:10:22] [Worker-Main-5/DEBUG] [REI] ========================================
[18:10:22] [Worker-Main-5/DEBUG] [REI] REIPlugin starting post-reload for END.
[18:10:22] [Worker-Main-5/DEBUG] [REI] Reloadables (7):
[18:10:22] [Worker-Main-5/DEBUG] [REI]  - EntryTypeRegistryImpl
[18:10:22] [Worker-Main-5/DEBUG] [REI]  - EntrySettingsAdapterRegistryImpl
[18:10:22] [Worker-Main-5/DEBUG] [REI]  - RecipeManagerContextImpl
[18:10:22] [Worker-Main-5/DEBUG] [REI]  - ItemComparatorRegistryImpl
[18:10:22] [Worker-Main-5/DEBUG] [REI]  - FluidComparatorRegistryImpl
[18:10:22] [Worker-Main-5/DEBUG] [REI]  - DisplaySerializerRegistryImpl
[18:10:22] [Worker-Main-5/DEBUG] [REI]  - FluidSupportProviderImpl
[18:10:22] [Worker-Main-5/DEBUG] [REI] Plugins (2):
[18:10:22] [Worker-Main-5/DEBUG] [REI]  - (-100.00) DefaultPluginImpl of DefaultPluginImpl [roughlyenoughitems]
[18:10:22] [Worker-Main-5/DEBUG] [REI]  - (0.00) DefaultRuntimePlugin of DefaultRuntimePlugin [roughlyenoughitems]
[18:10:22] [Worker-Main-5/DEBUG] [REI] ========================================
[18:10:22] [Worker-Main-5/TRACE] [REI] [REIPlugin END] Reloading Section: "post-register/"
[18:10:22] [Worker-Main-5/TRACE] [REI] [REIPlugin END] Reloading Section: "post-register/DefaultPluginImpl of DefaultPluginImpl [roughlyenoughitems]/"
[18:10:22] [Worker-Main-5/TRACE] [REI] [REIPlugin END] Reloading Section: "post-register/DefaultPluginImpl of DefaultPluginImpl [roughlyenoughitems]/" done in 91.37 μs
[18:10:22] [Worker-Main-5/TRACE] [REI] [REIPlugin END] Reloading Section: "post-register/DefaultRuntimePlugin of DefaultRuntimePlugin [roughlyenoughitems]/"
[18:10:22] [Worker-Main-5/TRACE] [REI] [REIPlugin END] Reloading Section: "post-register/DefaultRuntimePlugin of DefaultRuntimePlugin [roughlyenoughitems]/" done in 62.78 μs
[18:10:22] [Worker-Main-5/TRACE] [REI] [REIPlugin END] Reloading Section: "post-register/" done in 414.7 μs
[18:10:22] [Worker-Main-5/TRACE] [REI] [REIPlugin END] Reloading Section: "post-stage/"
[18:10:22] [Worker-Main-5/TRACE] [REI] [REIPlugin END] Reloading Section: "post-stage/EntryTypeRegistryImpl/"
[18:10:22] [Worker-Main-5/TRACE] [REI] [REIPlugin END] Reloading Section: "post-stage/EntryTypeRegistryImpl/" done in 80.55 μs
[18:10:22] [Worker-Main-5/TRACE] [REI] [REIPlugin END] Reloading Section: "post-stage/EntrySettingsAdapterRegistryImpl/"
[18:10:22] [Worker-Main-5/TRACE] [REI] [REIPlugin END] Reloading Section: "post-stage/EntrySettingsAdapterRegistryImpl/" done in 60.84 μs
[18:10:22] [Worker-Main-5/TRACE] [REI] [REIPlugin END] Reloading Section: "post-stage/RecipeManagerContextImpl/"
[18:10:22] [Worker-Main-5/TRACE] [REI] [REIPlugin END] Reloading Section: "post-stage/RecipeManagerContextImpl/" done in 44.61 μs
[18:10:22] [Worker-Main-5/TRACE] [REI] [REIPlugin END] Reloading Section: "post-stage/ItemComparatorRegistryImpl/"
[18:10:22] [Worker-Main-5/TRACE] [REI] [REIPlugin END] Reloading Section: "post-stage/ItemComparatorRegistryImpl/" done in 70.34 μs
[18:10:22] [Worker-Main-5/TRACE] [REI] [REIPlugin END] Reloading Section: "post-stage/FluidComparatorRegistryImpl/"
[18:10:22] [Worker-Main-5/TRACE] [REI] [REIPlugin END] Reloading Section: "post-stage/FluidComparatorRegistryImpl/" done in 38.60 μs
[18:10:22] [Worker-Main-5/TRACE] [REI] [REIPlugin END] Reloading Section: "post-stage/DisplaySerializerRegistryImpl/"
[18:10:22] [Worker-Main-5/TRACE] [REI] [REIPlugin END] Reloading Section: "post-stage/DisplaySerializerRegistryImpl/" done in 34.85 μs
[18:10:22] [Worker-Main-5/TRACE] [REI] [REIPlugin END] Reloading Section: "post-stage/FluidSupportProviderImpl/"
[18:10:22] [Worker-Main-5/TRACE] [REI] [REIPlugin END] Reloading Section: "post-stage/FluidSupportProviderImpl/" done in 38.01 μs
[18:10:22] [Worker-Main-5/TRACE] [REI] [REIPlugin END] Reloading Section: "post-stage/" done in 1.040 ms
[18:10:22] [Worker-Main-5/DEBUG] [REI] ========================================
[18:10:22] [Worker-Main-5/INFO] [REI] REIPlugin finished post-reload for END in 1.634 ms, totaling 31.86 ms.
[18:10:22] [Worker-Main-5/DEBUG] [REI] ========================================
[18:10:22] [Worker-Main-5/DEBUG] [REI] ========================================
[18:10:22] [Worker-Main-5/DEBUG] [REI] REIServerPlugin starting post-reload for END.
[18:10:22] [Worker-Main-5/DEBUG] [REI] Reloadables (2):
[18:10:22] [Worker-Main-5/DEBUG] [REI]  - MenuInfoRegistryImpl
[18:10:22] [Worker-Main-5/DEBUG] [REI]  - SlotAccessorRegistryImpl
[18:10:22] [Worker-Main-5/DEBUG] [REI] Plugins (2):
[18:10:22] [Worker-Main-5/DEBUG] [REI]  - (-100.00) DefaultPluginImpl of DefaultPluginImpl [roughlyenoughitems]
[18:10:22] [Worker-Main-5/DEBUG] [REI]  - (0.00) DefaultRuntimePlugin of DefaultRuntimePlugin [roughlyenoughitems]
[18:10:22] [Worker-Main-5/DEBUG] [REI] ========================================
[18:10:22] [Worker-Main-5/TRACE] [REI] [REIServerPlugin END] Reloading Section: "post-register/"
[18:10:22] [Worker-Main-5/TRACE] [REI] [REIServerPlugin END] Reloading Section: "post-register/DefaultPluginImpl of DefaultPluginImpl [roughlyenoughitems]/"
[18:10:22] [Worker-Main-5/TRACE] [REI] [REIServerPlugin END] Reloading Section: "post-register/DefaultPluginImpl of DefaultPluginImpl [roughlyenoughitems]/" done in 48.88 μs
[18:10:22] [Worker-Main-5/TRACE] [REI] [REIServerPlugin END] Reloading Section: "post-register/DefaultRuntimePlugin of DefaultRuntimePlugin [roughlyenoughitems]/"
[18:10:22] [Worker-Main-5/TRACE] [REI] [REIServerPlugin END] Reloading Section: "post-register/DefaultRuntimePlugin of DefaultRuntimePlugin [roughlyenoughitems]/" done in 30.22 μs
[18:10:22] [Worker-Main-5/TRACE] [REI] [REIServerPlugin END] Reloading Section: "post-register/" done in 269.3 μs
[18:10:22] [Worker-Main-5/TRACE] [REI] [REIServerPlugin END] Reloading Section: "post-stage/"
[18:10:22] [Worker-Main-5/TRACE] [REI] [REIServerPlugin END] Reloading Section: "post-stage/MenuInfoRegistryImpl/"
[18:10:22] [Worker-Main-5/TRACE] [REI] [REIServerPlugin END] Reloading Section: "post-stage/MenuInfoRegistryImpl/" done in 51.41 μs
[18:10:22] [Worker-Main-5/TRACE] [REI] [REIServerPlugin END] Reloading Section: "post-stage/SlotAccessorRegistryImpl/"
[18:10:22] [Worker-Main-5/TRACE] [REI] [REIServerPlugin END] Reloading Section: "post-stage/SlotAccessorRegistryImpl/" done in 17.65 μs
[18:10:22] [Worker-Main-5/TRACE] [REI] [REIServerPlugin END] Reloading Section: "post-stage/" done in 182.8 μs
[18:10:22] [Worker-Main-5/DEBUG] [REI] ========================================
[18:10:22] [Worker-Main-5/INFO] [REI] REIServerPlugin finished post-reload for END in 530.3 μs, totaling 6.677 ms.
[18:10:22] [Worker-Main-5/DEBUG] [REI] ========================================
